{"meta": {"format": 3, "version": "7.13.3", "timestamp": "2026-08-14T16:58:53.229116", "branch_coverage": true, "show_contexts": false}, "files": {"jobchain/__init__.py": {"executed_lines": [8, 10, 24, 25, 26, 35, 55, 57], "summary": {"covered_lines": 8, "num_statements": 8, "percent_covered": 100.0, "percent_covered_display": "100", "missing_lines": 0, "excluded_lines": 0, "percent_statements_covered": 100.0, "percent_statements_covered_display": "100", "num_branches": 0, "num_partial_branches": 0, "covered_branches": 0, "missing_branches": 0, "percent_branches_covered": 100.0, "percent_branches_covered_display": "100"}, "missing_lines": [], "excluded_lines": [], "executed_branches": [], "missing_branches": [], "functions": {"": {"executed_lines": [8, 10, 24, 25, 26, 35, 55, 57], "summary": {"covered_lines": 8, "num_statements": 8, "percent_covered": 100.0, "percent_covered_display": "100", "missing_lines": 0, "excluded_lines": 0, "percent_statements_covered": 100.0, "percent_statements_covered_display": "100", "num_branches": 0, "num_partial_branches": 0, "covered_branches": 0, "missing_branches": 0, "percent_branches_covered": 100.0, "percent_branches_covered_display": "100"}, "missing_lines": [], "excluded_lines": [], "start_line": 1, "executed_branches": [], "missing_branches": []}}, "classes": {"": {"executed_lines": [8, 10, 24, 25, 26, 35, 55, 57], "summary": {"covered_lines": 8, "num_statements": 8, "percent_covered": 100.0, "percent_covered_display": "100", "missing_lines": 0, "excluded_lines": 0, "percent_statements_covered": 100.0, "percent_statements_covered_display": "100", "num_branches": 0, "num_partial_branches": 0, "covered_branches": 0, "missing_branches": 0, "percent_branches_covered": 100.0, "percent_branches_covered_display": "100"}, "missing_lines": [], "excluded_lines": [], "start_line": 1, "executed_branches": [], "missing_branches": []}}}, "jobchain/__main__.py": {"executed_lines": [], "summary": {"covered_lines": 0, "num_statements": 4, "percent_covered": 0.0, "percent_covered_display": "0", "missing_lines": 4, "excluded_lines": 0, "percent_statements_covered": 0.0, "percent_statements_covered_display": "0", "num_branches": 2, "num_partial_branches": 0, "covered_branches": 0, "missing_branches": 2, "percent_branches_covered": 0.0, "percent_branches_covered_display": "0"}, "missing_lines": [3, 5, 7, 8], "excluded_lines": [], "executed_branches": [], "missing_branches": [[7, -1], [7, 8]], "functions": {"": {"executed_lines": [], "summary": {"covered_lines": 0, "num_statements": 4, "percent_covered": 0.0, "percent_covered_display": "0", "missing_lines": 4, "excluded_lines": 0, "percent_statements_covered": 0.0, "percent_statements_covered_display": "0", "num_branches": 2, "num_partial_branches": 0, "covered_branches": 0, "missing_branches": 2, "percent_branches_covered": 0.0, "percent_branches_covered_display": "0"}, "missing_lines": [3, 5, 7, 8], "excluded_lines": [], "start_line": 1, "executed_branches": [], "missing_branches": [[7, -1], [7, 8]]}}, "classes": {"": {"executed_lines": [], "summary": {"covered_lines": 0, "num_statements": 4, "percent_covered": 0.0, "percent_covered_display": "0", "missing_lines": 4, "excluded_lines": 0, "percent_statements_covered": 0.0, "percent_statements_covered_display": "0", "num_branches": 2, "num_partial_branches": 0, "covered_branches": 0, "missing_branches": 2, "percent_branches_covered": 0.0, "percent_branches_covered_display": "0"}, "missing_lines": [3, 5, 7, 8], "excluded_lines": [], "start_line": 1, "executed_branches": [], "missing_branches": [[7, -1], [7, 8]]}}}, "jobchain/cli.py": {"executed_lines": [13, 15, 16, 17, 18, 19, 20, 22, 23, 24, 37, 38, 40, 41, 49, 51, 57, 59, 60, 62, 64, 66, 68, 70, 73, 75, 77, 78, 80, 82, 84, 86, 88, 90, 92, 94, 96, 98, 101, 103, 104, 106, 107, 109, 111, 113, 115, 118, 121, 123, 124, 125, 126, 128, 130, 131, 132, 135, 137, 139, 141, 143, 144, 145, 147, 149, 151, 153, 155, 158, 159, 161, 163, 164, 166, 169, 171, 173, 175, 178, 179, 180, 181, 182, 185, 187, 188, 191, 194, 215, 217, 218, 220, 224, 226, 231, 232, 233, 234, 235, 258, 259, 260, 263, 267, 273, 274, 275, 277, 278, 279, 281, 287, 288, 295, 315, 324, 325, 326, 329, 330, 331, 332, 335, 338, 348, 370, 384, 392, 393, 394, 395, 396, 397, 399, 400, 401, 402, 403, 405, 406, 407, 409, 410, 415, 416, 417, 430, 432, 438, 439, 441, 443, 446, 451, 452, 454, 455, 462, 463, 465, 479, 482, 484, 485, 498, 500, 501, 502, 504, 505, 506, 508, 509, 510, 511, 513, 514, 515, 518, 519, 524, 525, 528, 544, 546, 549, 581, 602, 627, 648, 688, 690, 691, 693, 703, 704, 738, 761, 824, 839, 870, 906, 919, 947, 962, 994, 1011, 1034], "summary": {"covered_lines": 209, "num_statements": 580, "percent_covered": 30.583756345177665, "percent_covered_display": "31", "missing_lines": 371, "excluded_lines": 7, "percent_statements_covered": 36.03448275862069, "percent_statements_covered_display": "36", "num_branches": 208, "num_partial_branches": 16, "covered_branches": 32, "missing_branches": 176, "percent_branches_covered": 15.384615384615385, "percent_branches_covered_display": "15"}, "missing_lines": [221, 222, 236, 237, 238, 241, 244, 248, 249, 250, 264, 280, 282, 283, 286, 290, 291, 292, 297, 298, 299, 300, 301, 302, 304, 305, 327, 328, 351, 352, 353, 354, 356, 357, 358, 359, 360, 361, 363, 364, 365, 366, 367, 372, 373, 374, 375, 376, 377, 378, 379, 380, 381, 411, 412, 413, 418, 419, 420, 421, 422, 444, 466, 477, 516, 530, 531, 532, 533, 534, 535, 536, 537, 538, 547, 550, 551, 553, 554, 556, 557, 558, 560, 562, 565, 566, 569, 570, 571, 572, 574, 575, 577, 578, 584, 585, 586, 590, 591, 593, 594, 595, 596, 597, 598, 599, 604, 605, 606, 607, 608, 610, 611, 612, 614, 615, 616, 617, 618, 619, 620, 621, 622, 623, 624, 629, 630, 631, 632, 634, 635, 637, 638, 639, 640, 641, 642, 643, 644, 645, 656, 657, 658, 659, 660, 661, 662, 663, 664, 666, 667, 668, 669, 670, 671, 673, 674, 675, 677, 679, 680, 681, 682, 683, 684, 685, 694, 695, 696, 699, 700, 701, 706, 708, 709, 711, 712, 713, 714, 715, 716, 717, 719, 720, 721, 732, 734, 735, 741, 742, 743, 744, 745, 746, 747, 748, 750, 751, 754, 755, 756, 757, 758, 763, 764, 766, 767, 768, 769, 770, 771, 773, 776, 780, 781, 782, 783, 786, 787, 789, 791, 793, 797, 798, 801, 802, 806, 808, 809, 810, 811, 812, 813, 814, 816, 817, 818, 819, 820, 821, 826, 827, 828, 829, 831, 832, 833, 834, 836, 841, 843, 844, 845, 846, 848, 850, 851, 855, 856, 858, 860, 862, 863, 864, 865, 866, 867, 872, 873, 875, 876, 877, 878, 879, 880, 881, 882, 883, 885, 886, 887, 888, 889, 890, 893, 895, 896, 898, 899, 900, 902, 903, 907, 920, 921, 922, 925, 928, 929, 930, 932, 933, 934, 935, 936, 937, 938, 939, 941, 942, 943, 944, 949, 950, 951, 952, 953, 954, 955, 956, 959, 964, 965, 966, 968, 969, 970, 972, 973, 974, 975, 977, 978, 979, 981, 982, 984, 985, 986, 987, 988, 989, 990, 991, 996, 997, 998, 999, 1000, 1001, 1002, 1003, 1004, 1006, 1007, 1008, 1013, 1014, 1015, 1016, 1017, 1020, 1021, 1022, 1024, 1025, 1026, 1027, 1028, 1030, 1031], "excluded_lines": [227, 228, 229, 239, 240, 1046, 1047], "executed_branches": [[220, 224], [259, -258], [259, 260], [274, 275], [274, 277], [279, 281], [281, 287], [287, 288], [326, 329], [330, 331], [410, -409], [416, 417], [443, 446], [451, 452], [451, 454], [462, 463], [462, 465], [465, 479], [501, 502], [504, 505], [504, 508], [508, 509], [510, 511], [510, 513], [513, 514], [513, 515], [515, 518], [518, 519], [518, 524], [546, 549], [693, 703], [703, 704]], "missing_branches": [[220, 221], [279, 280], [281, 282], [282, 283], [282, 286], [287, 290], [326, 327], [330, 332], [356, 357], [356, 358], [359, 360], [359, 363], [363, 364], [363, 365], [365, 366], [365, 367], [372, 373], [372, 374], [374, 375], [374, 377], [410, 411], [416, 418], [443, 444], [465, 466], [501, 504], [508, 510], [515, 516], [536, 537], [536, 538], [546, 547], [553, 554], [553, 556], [565, 566], [565, 574], [569, 570], [569, 571], [574, 575], [574, 577], [593, 594], [593, 595], [595, 596], [595, 597], [597, 598], [597, 599], [618, 619], [618, 621], [630, 631], [630, 632], [634, 635], [634, 637], [638, 639], [638, 641], [641, 642], [641, 644], [658, 659], [658, 666], [660, 661], [660, 662], [662, 663], [662, 664], [666, 667], [666, 673], [668, 669], [668, 671], [669, 670], [669, 671], [673, 674], [673, 677], [679, 680], [679, 682], [682, 683], [682, 684], [693, 694], [695, 696], [695, 700], [703, 706], [708, 709], [708, 711], [712, 713], [712, 714], [714, 715], [714, 716], [716, 717], [716, 719], [719, 720], [719, 734], [743, 744], [743, 745], [747, 748], [747, 750], [750, 751], [750, 754], [754, 755], [754, 758], [767, 768], [767, 773], [768, 769], [768, 770], [780, 781], [780, 793], [781, 782], [781, 786], [789, 791], [789, 793], [797, 798], [797, 801], [801, 802], [801, 808], [809, 810], [809, 811], [811, 812], [811, 813], [813, 814], [813, 816], [816, 817], [816, 818], [818, 819], [818, 820], [827, 828], [827, 833], [831, 827], [831, 832], [843, 844], [843, 850], [844, 845], [844, 846], [855, 856], [855, 860], [862, 863], [862, 864], [864, 865], [864, 866], [872, 873], [872, 875], [875, 876], [875, 895], [877, 878], [877, 879], [880, 881], [880, 885], [885, 886], [885, 888], [888, 889], [888, 893], [898, 899], [898, 902], [929, 930], [929, 932], [933, 934], [933, 937], [937, 938], [937, 941], [942, 943], [942, 944], [953, 954], [953, 956], [968, 969], [968, 972], [974, 975], [974, 977], [977, 978], [977, 979], [981, 982], [981, 984], [987, 988], [987, 990], [1001, 1002], [1001, 1006], [1002, 999], [1002, 1003], [1015, 1016], [1015, 1020], [1020, 1021], [1020, 1024], [1025, 1026], [1025, 1030]], "functions": {"build_parser": {"executed_lines": [51, 57, 59, 60, 62, 64, 66, 68, 70, 73, 75, 77, 78, 80, 82, 84, 86, 88, 90, 92, 94, 96, 98, 101, 103, 104, 106, 107, 109, 111, 113, 115, 118, 121, 123, 124, 125, 126, 128, 130, 131, 132, 135, 137, 139, 141, 143, 144, 145, 147, 149, 151, 153, 155, 158, 159, 161, 163, 164, 166, 169, 171, 173, 175, 178, 179, 180, 181, 182, 185, 187, 188, 191], "summary": {"covered_lines": 73, "num_statements": 73, "percent_covered": 100.0, "percent_covered_display": "100", "missing_lines": 0, "excluded_lines": 0, "percent_statements_covered": 100.0, "percent_statements_covered_display": "100", "num_branches": 0, "num_partial_branches": 0, "covered_branches": 0, "missing_branches": 0, "percent_branches_covered": 100.0, "percent_branches_covered_display": "100"}, "missing_lines": [], "excluded_lines": [], "start_line": 49, "executed_branches": [], "missing_branches": []}, "main": {"executed_lines": [217, 218, 220, 224, 226, 231, 232, 233, 234, 235], "summary": {"covered_lines": 10, "num_statements": 20, "percent_covered": 50.0, "percent_covered_display": "50", "missing_lines": 10, "excluded_lines": 5, "percent_statements_covered": 50.0, "percent_statements_covered_display": "50", "num_branches": 2, "num_partial_branches": 1, "covered_branches": 1, "missing_branches": 1, "percent_branches_covered": 50.0, "percent_branches_covered_display": "50"}, "missing_lines": [221, 222, 236, 237, 238, 241, 244, 248, 249, 250], "excluded_lines": [227, 228, 229, 239, 240], "start_line": 215, "executed_branches": [[220, 224]], "missing_branches": [[220, 221]]}, "_emit": {"executed_lines": [259, 260], "summary": {"covered_lines": 2, "num_statements": 2, "percent_covered": 100.0, "percent_covered_display": "100", "missing_lines": 0, "excluded_lines": 0, "percent_statements_covered": 100.0, "percent_statements_covered_display": "100", "num_branches": 2, "num_partial_branches": 0, "covered_branches": 2, "missing_branches": 0, "percent_branches_covered": 100.0, "percent_branches_covered_display": "100"}, "missing_lines": [], "excluded_lines": [], "start_line": 258, "executed_branches": [[259, -258], [259, 260]], "missing_branches": []}, "_emit_json": {"executed_lines": [], "summary": {"covered_lines": 0, "num_statements": 1, "percent_covered": 0.0, "percent_covered_display": "0", "missing_lines": 1, "excluded_lines": 0, "percent_statements_covered": 0.0, "percent_statements_covered_display": "0", "num_branches": 0, "num_partial_branches": 0, "covered_branches": 0, "missing_branches": 0, "percent_branches_covered": 100.0, "percent_branches_covered_display": "100"}, "missing_lines": [264], "excluded_lines": [], "start_line": 263, "executed_branches": [], "missing_branches": []}, "_select_store": {"executed_lines": [273, 274, 275, 277, 278, 279, 281, 287, 288], "summary": {"covered_lines": 9, "num_statements": 16, "percent_covered": 53.84615384615385, "percent_covered_display": "54", "missing_lines": 7, "excluded_lines": 0, "percent_statements_covered": 56.25, "percent_statements_covered_display": "56", "num_branches": 10, "num_partial_branches": 3, "covered_branches": 5, "missing_branches": 5, "percent_branches_covered": 50.0, "percent_branches_covered_display": "50"}, "missing_lines": [280, 282, 283, 286, 290, 291, 292], "excluded_lines": [], "start_line": 267, "executed_branches": [[274, 275], [274, 277], [279, 281], [281, 287], [287, 288]], "missing_branches": [[279, 280], [281, 282], [282, 283], [282, 286], [287, 290]]}, "_run_summary": {"executed_lines": [], "summary": {"covered_lines": 0, "num_statements": 8, "percent_covered": 0.0, "percent_covered_display": "0", "missing_lines": 8, "excluded_lines": 0, "percent_statements_covered": 0.0, "percent_statements_covered_display": "0", "num_branches": 0, "num_partial_branches": 0, "covered_branches": 0, "missing_branches": 0, "percent_branches_covered": 100.0, "percent_branches_covered_display": "100"}, "missing_lines": [297, 298, 299, 300, 301, 302, 304, 305], "excluded_lines": [], "start_line": 295, "executed_branches": [], "missing_branches": []}, "_open": {"executed_lines": [324, 325, 326, 329, 330, 331, 332], "summary": {"covered_lines": 7, "num_statements": 9, "percent_covered": 69.23076923076923, "percent_covered_display": "69", "missing_lines": 2, "excluded_lines": 0, "percent_statements_covered": 77.77777777777777, "percent_statements_covered_display": "78", "num_branches": 4, "num_partial_branches": 2, "covered_branches": 2, "missing_branches": 2, "percent_branches_covered": 50.0, "percent_branches_covered_display": "50"}, "missing_lines": [327, 328], "excluded_lines": [], "start_line": 315, "executed_branches": [[326, 329], [330, 331]], "missing_branches": [[326, 327], [330, 332]]}, "_attach_file_log": {"executed_lines": [338], "summary": {"covered_lines": 1, "num_statements": 1, "percent_covered": 100.0, "percent_covered_display": "100", "missing_lines": 0, "excluded_lines": 0, "percent_statements_covered": 100.0, "percent_statements_covered_display": "100", "num_branches": 0, "num_partial_branches": 0, "covered_branches": 0, "missing_branches": 0, "percent_branches_covered": 100.0, "percent_branches_covered_display": "100"}, "missing_lines": [], "excluded_lines": [], "start_line": 335, "executed_branches": [], "missing_branches": []}, "_resolve_rows": {"executed_lines": [], "summary": {"covered_lines": 0, "num_statements": 15, "percent_covered": 0.0, "percent_covered_display": "0", "missing_lines": 15, "excluded_lines": 0, "percent_statements_covered": 0.0, "percent_statements_covered_display": "0", "num_branches": 8, "num_partial_branches": 0, "covered_branches": 0, "missing_branches": 8, "percent_branches_covered": 0.0, "percent_branches_covered_display": "0"}, "missing_lines": [351, 352, 353, 354, 356, 357, 358, 359, 360, 361, 363, 364, 365, 366, 367], "excluded_lines": [], "start_line": 348, "executed_branches": [], "missing_branches": [[356, 357], [356, 358], [359, 360], [359, 363], [363, 364], [363, 365], [365, 366], [365, 367]]}, "_confirm": {"executed_lines": [], "summary": {"covered_lines": 0, "num_statements": 10, "percent_covered": 0.0, "percent_covered_display": "0", "missing_lines": 10, "excluded_lines": 0, "percent_statements_covered": 0.0, "percent_statements_covered_display": "0", "num_branches": 4, "num_partial_branches": 0, "covered_branches": 0, "missing_branches": 4, "percent_branches_covered": 0.0, "percent_branches_covered_display": "0"}, "missing_lines": [372, 373, 374, 375, 376, 377, 378, 379, 380, 381], "excluded_lines": [], "start_line": 370, "executed_branches": [], "missing_branches": [[372, 373], [372, 374], [374, 375], [374, 377]]}, "Progress.__init__": {"executed_lines": [393, 394, 395, 396, 397], "summary": {"covered_lines": 5, "num_statements": 5, "percent_covered": 100.0, "percent_covered_display": "100", "missing_lines": 0, "excluded_lines": 0, "percent_statements_covered": 100.0, "percent_statements_covered_display": "100", "num_branches": 0, "num_partial_branches": 0, "covered_branches": 0, "missing_branches": 0, "percent_branches_covered": 100.0, "percent_branches_covered_display": "100"}, "missing_lines": [], "excluded_lines": [], "start_line": 392, "executed_branches": [], "missing_branches": []}, "Progress.start": {"executed_lines": [400, 401, 402, 403], "summary": {"covered_lines": 4, "num_statements": 4, "percent_covered": 100.0, "percent_covered_display": "100", "missing_lines": 0, "excluded_lines": 0, "percent_statements_covered": 100.0, "percent_statements_covered_display": "100", "num_branches": 0, "num_partial_branches": 0, "covered_branches": 0, "missing_branches": 0, "percent_branches_covered": 100.0, "percent_branches_covered_display": "100"}, "missing_lines": [], "excluded_lines": [], "start_line": 399, "executed_branches": [], "missing_branches": []}, "Progress.advance": {"executed_lines": [406, 407], "summary": {"covered_lines": 2, "num_statements": 2, "percent_covered": 100.0, "percent_covered_display": "100", "missing_lines": 0, "excluded_lines": 0, "percent_statements_covered": 100.0, "percent_statements_covered_display": "100", "num_branches": 0, "num_partial_branches": 0, "covered_branches": 0, "missing_branches": 0, "percent_branches_covered": 100.0, "percent_branches_covered_display": "100"}, "missing_lines": [], "excluded_lines": [], "start_line": 405, "executed_branches": [], "missing_branches": []}, "Progress.finish": {"executed_lines": [410], "summary": {"covered_lines": 1, "num_statements": 4, "percent_covered": 33.333333333333336, "percent_covered_display": "33", "missing_lines": 3, "excluded_lines": 0, "percent_statements_covered": 25.0, "percent_statements_covered_display": "25", "num_branches": 2, "num_partial_branches": 1, "covered_branches": 1, "missing_branches": 1, "percent_branches_covered": 50.0, "percent_branches_covered_display": "50"}, "missing_lines": [411, 412, 413], "excluded_lines": [], "start_line": 409, "executed_branches": [[410, -409]], "missing_branches": [[410, 411]]}, "Progress._paint": {"executed_lines": [416, 417], "summary": {"covered_lines": 2, "num_statements": 7, "percent_covered": 33.333333333333336, "percent_covered_display": "33", "missing_lines": 5, "excluded_lines": 0, "percent_statements_covered": 28.571428571428573, "percent_statements_covered_display": "29", "num_branches": 2, "num_partial_branches": 1, "covered_branches": 1, "missing_branches": 1, "percent_branches_covered": 50.0, "percent_branches_covered_display": "50"}, "missing_lines": [418, 419, 420, 421, 422], "excluded_lines": [], "start_line": 415, "executed_branches": [[416, 417]], "missing_branches": [[416, 418]]}, "cmd_run": {"executed_lines": [432, 438, 439, 441, 443, 446, 451, 452, 454, 455, 462, 463, 465, 479], "summary": {"covered_lines": 14, "num_statements": 17, "percent_covered": 80.0, "percent_covered_display": "80", "missing_lines": 3, "excluded_lines": 0, "percent_statements_covered": 82.3529411764706, "percent_statements_covered_display": "82", "num_branches": 8, "num_partial_branches": 2, "covered_branches": 6, "missing_branches": 2, "percent_branches_covered": 75.0, "percent_branches_covered_display": "75"}, "missing_lines": [444, 466, 477], "excluded_lines": [], "start_line": 430, "executed_branches": [[443, 446], [451, 452], [451, 454], [462, 463], [462, 465], [465, 479]], "missing_branches": [[443, 444], [465, 466]]}, "_render_header": {"executed_lines": [484, 485], "summary": {"covered_lines": 2, "num_statements": 2, "percent_covered": 100.0, "percent_covered_display": "100", "missing_lines": 0, "excluded_lines": 0, "percent_statements_covered": 100.0, "percent_statements_covered_display": "100", "num_branches": 0, "num_partial_branches": 0, "covered_branches": 0, "missing_branches": 0, "percent_branches_covered": 100.0, "percent_branches_covered_display": "100"}, "missing_lines": [], "excluded_lines": [], "start_line": 482, "executed_branches": [], "missing_branches": []}, "_report_run": {"executed_lines": [500, 501, 502, 504, 505, 506, 508, 509, 510, 511, 513, 514, 515, 518, 519, 524, 525], "summary": {"covered_lines": 17, "num_statements": 18, "percent_covered": 87.5, "percent_covered_display": "88", "missing_lines": 1, "excluded_lines": 0, "percent_statements_covered": 94.44444444444444, "percent_statements_covered_display": "94", "num_branches": 14, "num_partial_branches": 3, "covered_branches": 11, "missing_branches": 3, "percent_branches_covered": 78.57142857142857, "percent_branches_covered_display": "79"}, "missing_lines": [516], "excluded_lines": [], "start_line": 498, "executed_branches": [[501, 502], [504, 505], [504, 508], [508, 509], [510, 511], [510, 513], [513, 514], [513, 515], [515, 518], [518, 519], [518, 524]], "missing_branches": [[501, 504], [508, 510], [515, 516]]}, "_confirm_discard": {"executed_lines": [], "summary": {"covered_lines": 0, "num_statements": 9, "percent_covered": 0.0, "percent_covered_display": "0", "missing_lines": 9, "excluded_lines": 0, "percent_statements_covered": 0.0, "percent_statements_covered_display": "0", "num_branches": 2, "num_partial_branches": 0, "covered_branches": 0, "missing_branches": 2, "percent_branches_covered": 0.0, "percent_branches_covered_display": "0"}, "missing_lines": [530, 531, 532, 533, 534, 535, 536, 537, 538], "excluded_lines": [], "start_line": 528, "executed_branches": [], "missing_branches": [[536, 537], [536, 538]]}, "cmd_status": {"executed_lines": [546, 549], "summary": {"covered_lines": 2, "num_statements": 22, "percent_covered": 9.375, "percent_covered_display": "9", "missing_lines": 20, "excluded_lines": 0, "percent_statements_covered": 9.090909090909092, "percent_statements_covered_display": "9", "num_branches": 10, "num_partial_branches": 1, "covered_branches": 1, "missing_branches": 9, "percent_branches_covered": 10.0, "percent_branches_covered_display": "10"}, "missing_lines": [547, 550, 551, 553, 554, 556, 557, 558, 560, 562, 565, 566, 569, 570, 571, 572, 574, 575, 577, 578], "excluded_lines": [], "start_line": 544, "executed_branches": [[546, 549]], "missing_branches": [[546, 547], [553, 554], [553, 556], [565, 566], [565, 574], [569, 570], [569, 571], [574, 575], [574, 577]]}, "_status_body": {"executed_lines": [], "summary": {"covered_lines": 0, "num_statements": 12, "percent_covered": 0.0, "percent_covered_display": "0", "missing_lines": 12, "excluded_lines": 0, "percent_statements_covered": 0.0, "percent_statements_covered_display": "0", "num_branches": 6, "num_partial_branches": 0, "covered_branches": 0, "missing_branches": 6, "percent_branches_covered": 0.0, "percent_branches_covered_display": "0"}, "missing_lines": [584, 585, 586, 590, 591, 593, 594, 595, 596, 597, 598, 599], "excluded_lines": [], "start_line": 581, "executed_branches": [], "missing_branches": [[593, 594], [593, 595], [595, 596], [595, 597], [597, 598], [597, 599]]}, "_watch": {"executed_lines": [], "summary": {"covered_lines": 0, "num_statements": 19, "percent_covered": 0.0, "percent_covered_display": "0", "missing_lines": 19, "excluded_lines": 0, "percent_statements_covered": 0.0, "percent_statements_covered_display": "0", "num_branches": 2, "num_partial_branches": 0, "covered_branches": 0, "missing_branches": 2, "percent_branches_covered": 0.0, "percent_branches_covered_display": "0"}, "missing_lines": [604, 605, 606, 607, 608, 610, 611, 612, 614, 615, 616, 617, 618, 619, 620, 621, 622, 623, 624], "excluded_lines": [], "start_line": 602, "executed_branches": [], "missing_branches": [[618, 619], [618, 621]]}, "_status_all": {"executed_lines": [], "summary": {"covered_lines": 0, "num_statements": 15, "percent_covered": 0.0, "percent_covered_display": "0", "missing_lines": 15, "excluded_lines": 0, "percent_statements_covered": 0.0, "percent_statements_covered_display": "0", "num_branches": 8, "num_partial_branches": 0, "covered_branches": 0, "missing_branches": 8, "percent_branches_covered": 0.0, "percent_branches_covered_display": "0"}, "missing_lines": [629, 630, 631, 632, 634, 635, 637, 638, 639, 640, 641, 642, 643, 644, 645], "excluded_lines": [], "start_line": 627, "executed_branches": [], "missing_branches": [[630, 631], [630, 632], [634, 635], [634, 637], [638, 639], [638, 641], [641, 642], [641, 644]]}, "_prune_runs": {"executed_lines": [], "summary": {"covered_lines": 0, "num_statements": 26, "percent_covered": 0.0, "percent_covered_display": "0", "missing_lines": 26, "excluded_lines": 0, "percent_statements_covered": 0.0, "percent_statements_covered_display": "0", "num_branches": 18, "num_partial_branches": 0, "covered_branches": 0, "missing_branches": 18, "percent_branches_covered": 0.0, "percent_branches_covered_display": "0"}, "missing_lines": [656, 657, 658, 659, 660, 661, 662, 663, 664, 666, 667, 668, 669, 670, 671, 673, 674, 675, 677, 679, 680, 681, 682, 683, 684, 685], "excluded_lines": [], "start_line": 648, "executed_branches": [], "missing_branches": [[658, 659], [658, 666], [660, 661], [660, 662], [662, 663], [662, 664], [666, 667], [666, 673], [668, 669], [668, 671], [669, 670], [669, 671], [673, 674], [673, 677], [679, 680], [679, 682], [682, 683], [682, 684]]}, "cmd_show": {"executed_lines": [690, 691, 693, 703, 704], "summary": {"covered_lines": 5, "num_statements": 27, "percent_covered": 16.27906976744186, "percent_covered_display": "16", "missing_lines": 22, "excluded_lines": 0, "percent_statements_covered": 18.51851851851852, "percent_statements_covered_display": "19", "num_branches": 16, "num_partial_branches": 2, "covered_branches": 2, "missing_branches": 14, "percent_branches_covered": 12.5, "percent_branches_covered_display": "12"}, "missing_lines": [694, 695, 696, 699, 700, 701, 706, 708, 709, 711, 712, 713, 714, 715, 716, 717, 719, 720, 721, 732, 734, 735], "excluded_lines": [], "start_line": 688, "executed_branches": [[693, 703], [703, 704]], "missing_branches": [[693, 694], [695, 696], [695, 700], [703, 706], [708, 709], [708, 711], [712, 713], [712, 714], [714, 715], [714, 716], [716, 717], [716, 719], [719, 720], [719, 734]]}, "_show_output": {"executed_lines": [], "summary": {"covered_lines": 0, "num_statements": 15, "percent_covered": 0.0, "percent_covered_display": "0", "missing_lines": 15, "excluded_lines": 0, "percent_statements_covered": 0.0, "percent_statements_covered_display": "0", "num_branches": 8, "num_partial_branches": 0, "covered_branches": 0, "missing_branches": 8, "percent_branches_covered": 0.0, "percent_branches_covered_display": "0"}, "missing_lines": [741, 742, 743, 744, 745, 746, 747, 748, 750, 751, 754, 755, 756, 757, 758], "excluded_lines": [], "start_line": 738, "executed_branches": [], "missing_branches": [[743, 744], [743, 745], [747, 748], [747, 750], [750, 751], [750, 754], [754, 755], [754, 758]]}, "cmd_rerun": {"executed_lines": [], "summary": {"covered_lines": 0, "num_statements": 37, "percent_covered": 0.0, "percent_covered_display": "0", "missing_lines": 37, "excluded_lines": 0, "percent_statements_covered": 0.0, "percent_statements_covered_display": "0", "num_branches": 24, "num_partial_branches": 0, "covered_branches": 0, "missing_branches": 24, "percent_branches_covered": 0.0, "percent_branches_covered_display": "0"}, "missing_lines": [763, 764, 766, 767, 768, 769, 770, 771, 773, 776, 780, 781, 782, 783, 786, 787, 789, 791, 793, 797, 798, 801, 802, 806, 808, 809, 810, 811, 812, 813, 814, 816, 817, 818, 819, 820, 821], "excluded_lines": [], "start_line": 761, "executed_branches": [], "missing_branches": [[767, 768], [767, 773], [768, 769], [768, 770], [780, 781], [780, 793], [781, 782], [781, 786], [789, 791], [789, 793], [797, 798], [797, 801], [801, 802], [801, 808], [809, 810], [809, 811], [811, 812], [811, 813], [813, 814], [813, 816], [816, 817], [816, 818], [818, 819], [818, 820]]}, "_render_completed_warning": {"executed_lines": [], "summary": {"covered_lines": 0, "num_statements": 9, "percent_covered": 0.0, "percent_covered_display": "0", "missing_lines": 9, "excluded_lines": 0, "percent_statements_covered": 0.0, "percent_statements_covered_display": "0", "num_branches": 4, "num_partial_branches": 0, "covered_branches": 0, "missing_branches": 4, "percent_branches_covered": 0.0, "percent_branches_covered_display": "0"}, "missing_lines": [826, 827, 828, 829, 831, 832, 833, 834, 836], "excluded_lines": [], "start_line": 824, "executed_branches": [], "missing_branches": [[827, 828], [827, 833], [831, 827], [831, 832]]}, "cmd_cancel": {"executed_lines": [], "summary": {"covered_lines": 0, "num_statements": 18, "percent_covered": 0.0, "percent_covered_display": "0", "missing_lines": 18, "excluded_lines": 0, "percent_statements_covered": 0.0, "percent_statements_covered_display": "0", "num_branches": 10, "num_partial_branches": 0, "covered_branches": 0, "missing_branches": 10, "percent_branches_covered": 0.0, "percent_branches_covered_display": "0"}, "missing_lines": [841, 843, 844, 845, 846, 848, 850, 851, 855, 856, 858, 860, 862, 863, 864, 865, 866, 867], "excluded_lines": [], "start_line": 839, "executed_branches": [], "missing_branches": [[843, 844], [843, 850], [844, 845], [844, 846], [855, 856], [855, 860], [862, 863], [862, 864], [864, 865], [864, 866]]}, "cmd_doctor": {"executed_lines": [], "summary": {"covered_lines": 0, "num_statements": 25, "percent_covered": 0.0, "percent_covered_display": "0", "missing_lines": 25, "excluded_lines": 0, "percent_statements_covered": 0.0, "percent_statements_covered_display": "0", "num_branches": 14, "num_partial_branches": 0, "covered_branches": 0, "missing_branches": 14, "percent_branches_covered": 0.0, "percent_branches_covered_display": "0"}, "missing_lines": [872, 873, 875, 876, 877, 878, 879, 880, 881, 882, 883, 885, 886, 887, 888, 889, 890, 893, 895, 896, 898, 899, 900, 902, 903], "excluded_lines": [], "start_line": 870, "executed_branches": [], "missing_branches": [[872, 873], [872, 875], [875, 876], [875, 895], [877, 878], [877, 879], [880, 881], [880, 885], [885, 886], [885, 888], [888, 889], [888, 893], [898, 899], [898, 902]]}, "_doctor_payload": {"executed_lines": [], "summary": {"covered_lines": 0, "num_statements": 1, "percent_covered": 0.0, "percent_covered_display": "0", "missing_lines": 1, "excluded_lines": 0, "percent_statements_covered": 0.0, "percent_statements_covered_display": "0", "num_branches": 0, "num_partial_branches": 0, "covered_branches": 0, "missing_branches": 0, "percent_branches_covered": 100.0, "percent_branches_covered_display": "100"}, "missing_lines": [907], "excluded_lines": [], "start_line": 906, "executed_branches": [], "missing_branches": []}, "_render_doctor": {"executed_lines": [], "summary": {"covered_lines": 0, "num_statements": 19, "percent_covered": 0.0, "percent_covered_display": "0", "missing_lines": 19, "excluded_lines": 0, "percent_statements_covered": 0.0, "percent_statements_covered_display": "0", "num_branches": 8, "num_partial_branches": 0, "covered_branches": 0, "missing_branches": 8, "percent_branches_covered": 0.0, "percent_branches_covered_display": "0"}, "missing_lines": [920, 921, 922, 925, 928, 929, 930, 932, 933, 934, 935, 936, 937, 938, 939, 941, 942, 943, 944], "excluded_lines": [], "start_line": 919, "executed_branches": [], "missing_branches": [[929, 930], [929, 932], [933, 934], [933, 937], [937, 938], [937, 941], [942, 943], [942, 944]]}, "_check_filesystem": {"executed_lines": [], "summary": {"covered_lines": 0, "num_statements": 9, "percent_covered": 0.0, "percent_covered_display": "0", "missing_lines": 9, "excluded_lines": 0, "percent_statements_covered": 0.0, "percent_statements_covered_display": "0", "num_branches": 2, "num_partial_branches": 0, "covered_branches": 0, "missing_branches": 2, "percent_branches_covered": 0.0, "percent_branches_covered_display": "0"}, "missing_lines": [949, 950, 951, 952, 953, 954, 955, 956, 959], "excluded_lines": [], "start_line": 947, "executed_branches": [], "missing_branches": [[953, 954], [953, 956]]}, "cmd_logs": {"executed_lines": [], "summary": {"covered_lines": 0, "num_statements": 17, "percent_covered": 0.0, "percent_covered_display": "0", "missing_lines": 17, "excluded_lines": 0, "percent_statements_covered": 0.0, "percent_statements_covered_display": "0", "num_branches": 6, "num_partial_branches": 0, "covered_branches": 0, "missing_branches": 6, "percent_branches_covered": 0.0, "percent_branches_covered_display": "0"}, "missing_lines": [964, 965, 966, 968, 969, 970, 972, 981, 982, 984, 985, 986, 987, 988, 989, 990, 991], "excluded_lines": [], "start_line": 962, "executed_branches": [], "missing_branches": [[968, 969], [968, 972], [981, 982], [981, 984], [987, 988], [987, 990]]}, "cmd_logs.matching": {"executed_lines": [], "summary": {"covered_lines": 0, "num_statements": 6, "percent_covered": 0.0, "percent_covered_display": "0", "missing_lines": 6, "excluded_lines": 0, "percent_statements_covered": 0.0, "percent_statements_covered_display": "0", "num_branches": 4, "num_partial_branches": 0, "covered_branches": 0, "missing_branches": 4, "percent_branches_covered": 0.0, "percent_branches_covered_display": "0"}, "missing_lines": [973, 974, 975, 977, 978, 979], "excluded_lines": [], "start_line": 972, "executed_branches": [], "missing_branches": [[974, 975], [974, 977], [977, 978], [977, 979]]}, "_follow": {"executed_lines": [], "summary": {"covered_lines": 0, "num_statements": 12, "percent_covered": 0.0, "percent_covered_display": "0", "missing_lines": 12, "excluded_lines": 0, "percent_statements_covered": 0.0, "percent_statements_covered_display": "0", "num_branches": 4, "num_partial_branches": 0, "covered_branches": 0, "missing_branches": 4, "percent_branches_covered": 0.0, "percent_branches_covered_display": "0"}, "missing_lines": [996, 997, 998, 999, 1000, 1001, 1002, 1003, 1004, 1006, 1007, 1008], "excluded_lines": [], "start_line": 994, "executed_branches": [], "missing_branches": [[1001, 1002], [1001, 1006], [1002, 999], [1002, 1003]]}, "cmd_export": {"executed_lines": [], "summary": {"covered_lines": 0, "num_statements": 15, "percent_covered": 0.0, "percent_covered_display": "0", "missing_lines": 15, "excluded_lines": 0, "percent_statements_covered": 0.0, "percent_statements_covered_display": "0", "num_branches": 6, "num_partial_branches": 0, "covered_branches": 0, "missing_branches": 6, "percent_branches_covered": 0.0, "percent_branches_covered_display": "0"}, "missing_lines": [1013, 1014, 1015, 1016, 1017, 1020, 1021, 1022, 1024, 1025, 1026, 1027, 1028, 1030, 1031], "excluded_lines": [], "start_line": 1011, "executed_branches": [], "missing_branches": [[1015, 1016], [1015, 1020], [1020, 1021], [1020, 1024], [1025, 1026], [1025, 1030]]}, "": {"executed_lines": [13, 15, 16, 17, 18, 19, 20, 22, 23, 24, 37, 38, 40, 41, 49, 194, 215, 258, 263, 267, 295, 315, 335, 348, 370, 384, 392, 399, 405, 409, 415, 430, 482, 498, 528, 544, 581, 602, 627, 648, 688, 738, 761, 824, 839, 870, 906, 919, 947, 962, 994, 1011, 1034], "summary": {"covered_lines": 53, "num_statements": 53, "percent_covered": 100.0, "percent_covered_display": "100", "missing_lines": 0, "excluded_lines": 2, "percent_statements_covered": 100.0, "percent_statements_covered_display": "100", "num_branches": 0, "num_partial_branches": 0, "covered_branches": 0, "missing_branches": 0, "percent_branches_covered": 100.0, "percent_branches_covered_display": "100"}, "missing_lines": [], "excluded_lines": [1046, 1047], "start_line": 1, "executed_branches": [], "missing_branches": []}}, "classes": {"Progress": {"executed_lines": [393, 394, 395, 396, 397, 400, 401, 402, 403, 406, 407, 410, 416, 417], "summary": {"covered_lines": 14, "num_statements": 22, "percent_covered": 61.53846153846154, "percent_covered_display": "62", "missing_lines": 8, "excluded_lines": 0, "percent_statements_covered": 63.63636363636363, "percent_statements_covered_display": "64", "num_branches": 4, "num_partial_branches": 2, "covered_branches": 2, "missing_branches": 2, "percent_branches_covered": 50.0, "percent_branches_covered_display": "50"}, "missing_lines": [411, 412, 413, 418, 419, 420, 421, 422], "excluded_lines": [], "start_line": 384, "executed_branches": [[410, -409], [416, 417]], "missing_branches": [[410, 411], [416, 418]]}, "": {"executed_lines": [13, 15, 16, 17, 18, 19, 20, 22, 23, 24, 37, 38, 40, 41, 49, 51, 57, 59, 60, 62, 64, 66, 68, 70, 73, 75, 77, 78, 80, 82, 84, 86, 88, 90, 92, 94, 96, 98, 101, 103, 104, 106, 107, 109, 111, 113, 115, 118, 121, 123, 124, 125, 126, 128, 130, 131, 132, 135, 137, 139, 141, 143, 144, 145, 147, 149, 151, 153, 155, 158, 159, 161, 163, 164, 166, 169, 171, 173, 175, 178, 179, 180, 181, 182, 185, 187, 188, 191, 194, 215, 217, 218, 220, 224, 226, 231, 232, 233, 234, 235, 258, 259, 260, 263, 267, 273, 274, 275, 277, 278, 279, 281, 287, 288, 295, 315, 324, 325, 326, 329, 330, 331, 332, 335, 338, 348, 370, 384, 392, 399, 405, 409, 415, 430, 432, 438, 439, 441, 443, 446, 451, 452, 454, 455, 462, 463, 465, 479, 482, 484, 485, 498, 500, 501, 502, 504, 505, 506, 508, 509, 510, 511, 513, 514, 515, 518, 519, 524, 525, 528, 544, 546, 549, 581, 602, 627, 648, 688, 690, 691, 693, 703, 704, 738, 761, 824, 839, 870, 906, 919, 947, 962, 994, 1011, 1034], "summary": {"covered_lines": 195, "num_statements": 558, "percent_covered": 29.52755905511811, "percent_covered_display": "30", "missing_lines": 363, "excluded_lines": 7, "percent_statements_covered": 34.946236559139784, "percent_statements_covered_display": "35", "num_branches": 204, "num_partial_branches": 14, "covered_branches": 30, "missing_branches": 174, "percent_branches_covered": 14.705882352941176, "percent_branches_covered_display": "15"}, "missing_lines": [221, 222, 236, 237, 238, 241, 244, 248, 249, 250, 264, 280, 282, 283, 286, 290, 291, 292, 297, 298, 299, 300, 301, 302, 304, 305, 327, 328, 351, 352, 353, 354, 356, 357, 358, 359, 360, 361, 363, 364, 365, 366, 367, 372, 373, 374, 375, 376, 377, 378, 379, 380, 381, 444, 466, 477, 516, 530, 531, 532, 533, 534, 535, 536, 537, 538, 547, 550, 551, 553, 554, 556, 557, 558, 560, 562, 565, 566, 569, 570, 571, 572, 574, 575, 577, 578, 584, 585, 586, 590, 591, 593, 594, 595, 596, 597, 598, 599, 604, 605, 606, 607, 608, 610, 611, 612, 614, 615, 616, 617, 618, 619, 620, 621, 622, 623, 624, 629, 630, 631, 632, 634, 635, 637, 638, 639, 640, 641, 642, 643, 644, 645, 656, 657, 658, 659, 660, 661, 662, 663, 664, 666, 667, 668, 669, 670, 671, 673, 674, 675, 677, 679, 680, 681, 682, 683, 684, 685, 694, 695, 696, 699, 700, 701, 706, 708, 709, 711, 712, 713, 714, 715, 716, 717, 719, 720, 721, 732, 734, 735, 741, 742, 743, 744, 745, 746, 747, 748, 750, 751, 754, 755, 756, 757, 758, 763, 764, 766, 767, 768, 769, 770, 771, 773, 776, 780, 781, 782, 783, 786, 787, 789, 791, 793, 797, 798, 801, 802, 806, 808, 809, 810, 811, 812, 813, 814, 816, 817, 818, 819, 820, 821, 826, 827, 828, 829, 831, 832, 833, 834, 836, 841, 843, 844, 845, 846, 848, 850, 851, 855, 856, 858, 860, 862, 863, 864, 865, 866, 867, 872, 873, 875, 876, 877, 878, 879, 880, 881, 882, 883, 885, 886, 887, 888, 889, 890, 893, 895, 896, 898, 899, 900, 902, 903, 907, 920, 921, 922, 925, 928, 929, 930, 932, 933, 934, 935, 936, 937, 938, 939, 941, 942, 943, 944, 949, 950, 951, 952, 953, 954, 955, 956, 959, 964, 965, 966, 968, 969, 970, 972, 973, 974, 975, 977, 978, 979, 981, 982, 984, 985, 986, 987, 988, 989, 990, 991, 996, 997, 998, 999, 1000, 1001, 1002, 1003, 1004, 1006, 1007, 1008, 1013, 1014, 1015, 1016, 1017, 1020, 1021, 1022, 1024, 1025, 1026, 1027, 1028, 1030, 1031], "excluded_lines": [227, 228, 229, 239, 240, 1046, 1047], "start_line": 1, "executed_branches": [[220, 224], [259, -258], [259, 260], [274, 275], [274, 277], [279, 281], [281, 287], [287, 288], [326, 329], [330, 331], [443, 446], [451, 452], [451, 454], [462, 463], [462, 465], [465, 479], [501, 502], [504, 505], [504, 508], [508, 509], [510, 511], [510, 513], [513, 514], [513, 515], [515, 518], [518, 519], [518, 524], [546, 549], [693, 703], [703, 704]], "missing_branches": [[220, 221], [279, 280], [281, 282], [282, 283], [282, 286], [287, 290], [326, 327], [330, 332], [356, 357], [356, 358], [359, 360], [359, 363], [363, 364], [363, 365], [365, 366], [365, 367], [372, 373], [372, 374], [374, 375], [374, 377], [443, 444], [465, 466], [501, 504], [508, 510], [515, 516], [536, 537], [536, 538], [546, 547], [553, 554], [553, 556], [565, 566], [565, 574], [569, 570], [569, 571], [574, 575], [574, 577], [593, 594], [593, 595], [595, 596], [595, 597], [597, 598], [597, 599], [618, 619], [618, 621], [630, 631], [630, 632], [634, 635], [634, 637], [638, 639], [638, 641], [641, 642], [641, 644], [658, 659], [658, 666], [660, 661], [660, 662], [662, 663], [662, 664], [666, 667], [666, 673], [668, 669], [668, 671], [669, 670], [669, 671], [673, 674], [673, 677], [679, 680], [679, 682], [682, 683], [682, 684], [693, 694], [695, 696], [695, 700], [703, 706], [708, 709], [708, 711], [712, 713], [712, 714], [714, 715], [714, 716], [716, 717], [716, 719], [719, 720], [719, 734], [743, 744], [743, 745], [747, 748], [747, 750], [750, 751], [750, 754], [754, 755], [754, 758], [767, 768], [767, 773], [768, 769], [768, 770], [780, 781], [780, 793], [781, 782], [781, 786], [789, 791], [789, 793], [797, 798], [797, 801], [801, 802], [801, 808], [809, 810], [809, 811], [811, 812], [811, 813], [813, 814], [813, 816], [816, 817], [816, 818], [818, 819], [818, 820], [827, 828], [827, 833], [831, 827], [831, 832], [843, 844], [843, 850], [844, 845], [844, 846], [855, 856], [855, 860], [862, 863], [862, 864], [864, 865], [864, 866], [872, 873], [872, 875], [875, 876], [875, 895], [877, 878], [877, 879], [880, 881], [880, 885], [885, 886], [885, 888], [888, 889], [888, 893], [898, 899], [898, 902], [929, 930], [929, 932], [933, 934], [933, 937], [937, 938], [937, 941], [942, 943], [942, 944], [953, 954], [953, 956], [968, 969], [968, 972], [974, 975], [974, 977], [977, 978], [977, 979], [981, 982], [981, 984], [987, 988], [987, 990], [1001, 1002], [1001, 1006], [1002, 999], [1002, 1003], [1015, 1016], [1015, 1020], [1020, 1021], [1020, 1024], [1025, 1026], [1025, 1030]]}}}, "jobchain/config.py": {"executed_lines": [14, 16, 17, 18, 19, 20, 21, 22, 24, 27, 38, 44, 47, 50, 51, 54, 55, 56, 57, 58, 59, 60, 61, 62, 63, 64, 65, 66, 67, 68, 69, 70, 73, 75, 77, 79, 80, 82, 83, 87, 88, 89, 91, 92, 95, 97, 98, 102, 103, 105, 106, 109, 110, 112, 114, 115, 116, 118, 120, 121, 123, 125, 144, 152, 159, 160, 161, 162, 166, 167, 168, 169, 170, 171, 172, 175, 176, 177, 182, 183, 184, 186, 187, 188, 189, 191, 192, 194, 195, 196, 197, 198, 199, 200, 202, 203, 204, 205, 206, 207, 208, 209, 210, 211, 212, 213, 214, 215, 216, 217, 219, 222, 223, 224, 225, 226, 227, 228, 229, 230, 231, 232, 234, 236, 239, 241, 242, 247, 248, 249, 254, 255, 256, 257, 263, 264, 265, 266, 267, 275, 285, 287, 288, 289, 296, 297, 298, 299, 300, 301, 302, 303, 304, 305, 306, 307, 308, 309, 310, 311, 315, 317, 320, 326, 334, 342, 343, 348, 349, 350, 351, 353, 354, 360, 361, 362, 363, 364, 366, 367, 370], "summary": {"covered_lines": 181, "num_statements": 192, "percent_covered": 92.3076923076923, "percent_covered_display": "92", "missing_lines": 11, "excluded_lines": 6, "percent_statements_covered": 94.27083333333333, "percent_statements_covered_display": "94", "num_branches": 68, "num_partial_branches": 5, "covered_branches": 59, "missing_branches": 9, "percent_branches_covered": 86.76470588235294, "percent_branches_covered_display": "87"}, "missing_lines": [81, 90, 107, 173, 290, 291, 292, 293, 294, 295, 372], "excluded_lines": [163, 164, 250, 251, 344, 345], "executed_branches": [[80, 82], [82, 83], [82, 87], [87, 88], [87, 89], [89, 91], [91, 92], [91, 95], [95, -79], [95, 97], [97, 95], [97, 98], [105, 106], [159, 160], [159, 161], [172, 175], [176, 177], [176, 182], [182, 183], [182, 186], [183, 182], [183, 184], [195, 196], [195, 199], [222, 223], [222, 234], [223, 224], [223, 225], [225, 226], [225, 229], [229, 230], [229, 231], [256, -254], [256, 257], [265, 266], [265, 267], [289, 296], [296, 297], [296, 302], [297, 298], [297, 299], [299, 300], [299, 301], [302, 303], [302, 315], [303, 304], [303, 305], [305, 306], [305, 307], [307, 308], [307, 309], [309, 310], [309, 311], [350, 351], [350, 353], [360, 361], [360, 367], [363, 364], [363, 366]], "missing_branches": [[80, 81], [89, 90], [105, 107], [172, 173], [289, 290], [291, 292], [291, 293], [293, 294], [293, 295]], "functions": {"RunConfig.__post_init__": {"executed_lines": [80, 82, 83, 87, 88, 89, 91, 92, 95, 97, 98], "summary": {"covered_lines": 11, "num_statements": 13, "percent_covered": 85.18518518518519, "percent_covered_display": "85", "missing_lines": 2, "excluded_lines": 0, "percent_statements_covered": 84.61538461538461, "percent_statements_covered_display": "85", "num_branches": 14, "num_partial_branches": 2, "covered_branches": 12, "missing_branches": 2, "percent_branches_covered": 85.71428571428571, "percent_branches_covered_display": "86"}, "missing_lines": [81, 90], "excluded_lines": [], "start_line": 79, "executed_branches": [[80, 82], [82, 83], [82, 87], [87, 88], [87, 89], [89, 91], [91, 92], [91, 95], [95, -79], [95, 97], [97, 95], [97, 98]], "missing_branches": [[80, 81], [89, 90]]}, "RunConfig.base_dir": {"executed_lines": [105, 106], "summary": {"covered_lines": 2, "num_statements": 3, "percent_covered": 60.0, "percent_covered_display": "60", "missing_lines": 1, "excluded_lines": 0, "percent_statements_covered": 66.66666666666667, "percent_statements_covered_display": "67", "num_branches": 2, "num_partial_branches": 1, "covered_branches": 1, "missing_branches": 1, "percent_branches_covered": 50.0, "percent_branches_covered_display": "50"}, "missing_lines": [107], "excluded_lines": [], "start_line": 103, "executed_branches": [[105, 106]], "missing_branches": [[105, 107]]}, "RunConfig.params_path": {"executed_lines": [112], "summary": {"covered_lines": 1, "num_statements": 1, "percent_covered": 100.0, "percent_covered_display": "100", "missing_lines": 0, "excluded_lines": 0, "percent_statements_covered": 100.0, "percent_statements_covered_display": "100", "num_branches": 0, "num_partial_branches": 0, "covered_branches": 0, "missing_branches": 0, "percent_branches_covered": 100.0, "percent_branches_covered_display": "100"}, "missing_lines": [], "excluded_lines": [], "start_line": 110, "executed_branches": [], "missing_branches": []}, "RunConfig.effective_workers": {"executed_lines": [116], "summary": {"covered_lines": 1, "num_statements": 1, "percent_covered": 100.0, "percent_covered_display": "100", "missing_lines": 0, "excluded_lines": 0, "percent_statements_covered": 100.0, "percent_statements_covered_display": "100", "num_branches": 0, "num_partial_branches": 0, "covered_branches": 0, "missing_branches": 0, "percent_branches_covered": 100.0, "percent_branches_covered_display": "100"}, "missing_lines": [], "excluded_lines": [], "start_line": 115, "executed_branches": [], "missing_branches": []}, "RunConfig.home": {"executed_lines": [120, 121], "summary": {"covered_lines": 2, "num_statements": 2, "percent_covered": 100.0, "percent_covered_display": "100", "missing_lines": 0, "excluded_lines": 0, "percent_statements_covered": 100.0, "percent_statements_covered_display": "100", "num_branches": 0, "num_partial_branches": 0, "covered_branches": 0, "missing_branches": 0, "percent_branches_covered": 100.0, "percent_branches_covered_display": "100"}, "missing_lines": [], "excluded_lines": [], "start_line": 118, "executed_branches": [], "missing_branches": []}, "RunConfig.as_dict": {"executed_lines": [125], "summary": {"covered_lines": 1, "num_statements": 1, "percent_covered": 100.0, "percent_covered_display": "100", "missing_lines": 0, "excluded_lines": 0, "percent_statements_covered": 100.0, "percent_statements_covered_display": "100", "num_branches": 0, "num_partial_branches": 0, "covered_branches": 0, "missing_branches": 0, "percent_branches_covered": 100.0, "percent_branches_covered_display": "100"}, "missing_lines": [], "excluded_lines": [], "start_line": 123, "executed_branches": [], "missing_branches": []}, "load_config": {"executed_lines": [159, 160, 161, 162, 166, 167, 168, 169, 170, 171, 172, 175, 176, 177, 182, 183, 184, 186, 187, 188, 189, 191, 192, 194, 202, 203, 204, 205, 206, 207, 208, 209, 210, 211, 212, 213, 214, 215, 216, 217, 219, 222, 223, 224, 225, 226, 227, 228, 229, 230, 231, 232, 234, 236], "summary": {"covered_lines": 54, "num_statements": 55, "percent_covered": 97.26027397260275, "percent_covered_display": "97", "missing_lines": 1, "excluded_lines": 2, "percent_statements_covered": 98.18181818181819, "percent_statements_covered_display": "98", "num_branches": 18, "num_partial_branches": 1, "covered_branches": 17, "missing_branches": 1, "percent_branches_covered": 94.44444444444444, "percent_branches_covered_display": "94"}, "missing_lines": [173], "excluded_lines": [163, 164], "start_line": 152, "executed_branches": [[159, 160], [159, 161], [172, 175], [176, 177], [176, 182], [182, 183], [182, 186], [183, 182], [183, 184], [222, 223], [222, 234], [223, 224], [223, 225], [225, 226], [225, 229], [229, 230], [229, 231]], "missing_branches": [[172, 173]]}, "load_config.take": {"executed_lines": [195, 196, 197, 198, 199, 200], "summary": {"covered_lines": 6, "num_statements": 6, "percent_covered": 100.0, "percent_covered_display": "100", "missing_lines": 0, "excluded_lines": 0, "percent_statements_covered": 100.0, "percent_statements_covered_display": "100", "num_branches": 2, "num_partial_branches": 0, "covered_branches": 2, "missing_branches": 0, "percent_branches_covered": 100.0, "percent_branches_covered_display": "100"}, "missing_lines": [], "excluded_lines": [], "start_line": 194, "executed_branches": [[195, 196], [195, 199]], "missing_branches": []}, "expand_run_name": {"executed_lines": [241, 242], "summary": {"covered_lines": 2, "num_statements": 2, "percent_covered": 100.0, "percent_covered_display": "100", "missing_lines": 0, "excluded_lines": 0, "percent_statements_covered": 100.0, "percent_statements_covered_display": "100", "num_branches": 0, "num_partial_branches": 0, "covered_branches": 0, "missing_branches": 0, "percent_branches_covered": 100.0, "percent_branches_covered_display": "100"}, "missing_lines": [], "excluded_lines": [], "start_line": 239, "executed_branches": [], "missing_branches": []}, "_username": {"executed_lines": [248, 249], "summary": {"covered_lines": 2, "num_statements": 2, "percent_covered": 100.0, "percent_covered_display": "100", "missing_lines": 0, "excluded_lines": 2, "percent_statements_covered": 100.0, "percent_statements_covered_display": "100", "num_branches": 0, "num_partial_branches": 0, "covered_branches": 0, "missing_branches": 0, "percent_branches_covered": 100.0, "percent_branches_covered_display": "100"}, "missing_lines": [], "excluded_lines": [250, 251], "start_line": 247, "executed_branches": [], "missing_branches": []}, "_reject_unknown": {"executed_lines": [255, 256, 257], "summary": {"covered_lines": 3, "num_statements": 3, "percent_covered": 100.0, "percent_covered_display": "100", "missing_lines": 0, "excluded_lines": 0, "percent_statements_covered": 100.0, "percent_statements_covered_display": "100", "num_branches": 2, "num_partial_branches": 0, "covered_branches": 2, "missing_branches": 0, "percent_branches_covered": 100.0, "percent_branches_covered_display": "100"}, "missing_lines": [], "excluded_lines": [], "start_line": 254, "executed_branches": [[256, -254], [256, 257]], "missing_branches": []}, "_resolve": {"executed_lines": [264, 265, 266, 267], "summary": {"covered_lines": 4, "num_statements": 4, "percent_covered": 100.0, "percent_covered_display": "100", "missing_lines": 0, "excluded_lines": 0, "percent_statements_covered": 100.0, "percent_statements_covered_display": "100", "num_branches": 2, "num_partial_branches": 0, "covered_branches": 2, "missing_branches": 0, "percent_branches_covered": 100.0, "percent_branches_covered_display": "100"}, "missing_lines": [], "excluded_lines": [], "start_line": 263, "executed_branches": [[265, 266], [265, 267]], "missing_branches": []}, "expand_template": {"executed_lines": [285, 287, 317], "summary": {"covered_lines": 3, "num_statements": 3, "percent_covered": 100.0, "percent_covered_display": "100", "missing_lines": 0, "excluded_lines": 0, "percent_statements_covered": 100.0, "percent_statements_covered_display": "100", "num_branches": 0, "num_partial_branches": 0, "covered_branches": 0, "missing_branches": 0, "percent_branches_covered": 100.0, "percent_branches_covered_display": "100"}, "missing_lines": [], "excluded_lines": [], "start_line": 275, "executed_branches": [], "missing_branches": []}, "expand_template.replace": {"executed_lines": [288, 289, 296, 297, 298, 299, 300, 301, 302, 303, 304, 305, 306, 307, 308, 309, 310, 311, 315], "summary": {"covered_lines": 19, "num_statements": 25, "percent_covered": 76.59574468085107, "percent_covered_display": "77", "missing_lines": 6, "excluded_lines": 0, "percent_statements_covered": 76.0, "percent_statements_covered_display": "76", "num_branches": 22, "num_partial_branches": 1, "covered_branches": 17, "missing_branches": 5, "percent_branches_covered": 77.27272727272727, "percent_branches_covered_display": "77"}, "missing_lines": [290, 291, 292, 293, 294, 295], "excluded_lines": [], "start_line": 287, "executed_branches": [[289, 296], [296, 297], [296, 302], [297, 298], [297, 299], [299, 300], [299, 301], [302, 303], [302, 315], [303, 304], [303, 305], [305, 306], [305, 307], [307, 308], [307, 309], [309, 310], [309, 311]], "missing_branches": [[289, 290], [291, 292], [291, 293], [293, 294], [293, 295]]}, "template_is_generation_aware": {"executed_lines": [326], "summary": {"covered_lines": 1, "num_statements": 1, "percent_covered": 100.0, "percent_covered_display": "100", "missing_lines": 0, "excluded_lines": 0, "percent_statements_covered": 100.0, "percent_statements_covered_display": "100", "num_branches": 0, "num_partial_branches": 0, "covered_branches": 0, "missing_branches": 0, "percent_branches_covered": 100.0, "percent_branches_covered_display": "100"}, "missing_lines": [], "excluded_lines": [], "start_line": 320, "executed_branches": [], "missing_branches": []}, "render_final_config": {"executed_lines": [342, 343, 348, 349, 350, 351, 353, 354, 360, 361, 362, 363, 364, 366, 367], "summary": {"covered_lines": 15, "num_statements": 15, "percent_covered": 100.0, "percent_covered_display": "100", "missing_lines": 0, "excluded_lines": 2, "percent_statements_covered": 100.0, "percent_statements_covered_display": "100", "num_branches": 6, "num_partial_branches": 0, "covered_branches": 6, "missing_branches": 0, "percent_branches_covered": 100.0, "percent_branches_covered_display": "100"}, "missing_lines": [], "excluded_lines": [344, 345], "start_line": 334, "executed_branches": [[350, 351], [350, 353], [360, 361], [360, 367], [363, 364], [363, 366]], "missing_branches": []}, "describe_settings": {"executed_lines": [], "summary": {"covered_lines": 0, "num_statements": 1, "percent_covered": 0.0, "percent_covered_display": "0", "missing_lines": 1, "excluded_lines": 0, "percent_statements_covered": 0.0, "percent_statements_covered_display": "0", "num_branches": 0, "num_partial_branches": 0, "covered_branches": 0, "missing_branches": 0, "percent_branches_covered": 100.0, "percent_branches_covered_display": "100"}, "missing_lines": [372], "excluded_lines": [], "start_line": 370, "executed_branches": [], "missing_branches": []}, "": {"executed_lines": [14, 16, 17, 18, 19, 20, 21, 22, 24, 27, 38, 44, 47, 50, 51, 54, 55, 56, 57, 58, 59, 60, 61, 62, 63, 64, 65, 66, 67, 68, 69, 70, 73, 75, 77, 79, 102, 103, 109, 110, 114, 115, 118, 123, 144, 152, 239, 247, 254, 263, 275, 320, 334, 370], "summary": {"covered_lines": 54, "num_statements": 54, "percent_covered": 100.0, "percent_covered_display": "100", "missing_lines": 0, "excluded_lines": 0, "percent_statements_covered": 100.0, "percent_statements_covered_display": "100", "num_branches": 0, "num_partial_branches": 0, "covered_branches": 0, "missing_branches": 0, "percent_branches_covered": 100.0, "percent_branches_covered_display": "100"}, "missing_lines": [], "excluded_lines": [], "start_line": 1, "executed_branches": [], "missing_branches": []}}, "classes": {"RunConfig": {"executed_lines": [80, 82, 83, 87, 88, 89, 91, 92, 95, 97, 98, 105, 106, 112, 116, 120, 121, 125], "summary": {"covered_lines": 18, "num_statements": 21, "percent_covered": 83.78378378378379, "percent_covered_display": "84", "missing_lines": 3, "excluded_lines": 0, "percent_statements_covered": 85.71428571428571, "percent_statements_covered_display": "86", "num_branches": 16, "num_partial_branches": 3, "covered_branches": 13, "missing_branches": 3, "percent_branches_covered": 81.25, "percent_branches_covered_display": "81"}, "missing_lines": [81, 90, 107], "excluded_lines": [], "start_line": 51, "executed_branches": [[80, 82], [82, 83], [82, 87], [87, 88], [87, 89], [89, 91], [91, 92], [91, 95], [95, -79], [95, 97], [97, 95], [97, 98], [105, 106]], "missing_branches": [[80, 81], [89, 90], [105, 107]]}, "": {"executed_lines": [14, 16, 17, 18, 19, 20, 21, 22, 24, 27, 38, 44, 47, 50, 51, 54, 55, 56, 57, 58, 59, 60, 61, 62, 63, 64, 65, 66, 67, 68, 69, 70, 73, 75, 77, 79, 102, 103, 109, 110, 114, 115, 118, 123, 144, 152, 159, 160, 161, 162, 166, 167, 168, 169, 170, 171, 172, 175, 176, 177, 182, 183, 184, 186, 187, 188, 189, 191, 192, 194, 195, 196, 197, 198, 199, 200, 202, 203, 204, 205, 206, 207, 208, 209, 210, 211, 212, 213, 214, 215, 216, 217, 219, 222, 223, 224, 225, 226, 227, 228, 229, 230, 231, 232, 234, 236, 239, 241, 242, 247, 248, 249, 254, 255, 256, 257, 263, 264, 265, 266, 267, 275, 285, 287, 288, 289, 296, 297, 298, 299, 300, 301, 302, 303, 304, 305, 306, 307, 308, 309, 310, 311, 315, 317, 320, 326, 334, 342, 343, 348, 349, 350, 351, 353, 354, 360, 361, 362, 363, 364, 366, 367, 370], "summary": {"covered_lines": 163, "num_statements": 171, "percent_covered": 93.72197309417041, "percent_covered_display": "94", "missing_lines": 8, "excluded_lines": 6, "percent_statements_covered": 95.32163742690058, "percent_statements_covered_display": "95", "num_branches": 52, "num_partial_branches": 2, "covered_branches": 46, "missing_branches": 6, "percent_branches_covered": 88.46153846153847, "percent_branches_covered_display": "88"}, "missing_lines": [173, 290, 291, 292, 293, 294, 295, 372], "excluded_lines": [163, 164, 250, 251, 344, 345], "start_line": 1, "executed_branches": [[159, 160], [159, 161], [172, 175], [176, 177], [176, 182], [182, 183], [182, 186], [183, 182], [183, 184], [195, 196], [195, 199], [222, 223], [222, 234], [223, 224], [223, 225], [225, 226], [225, 229], [229, 230], [229, 231], [256, -254], [256, 257], [265, 266], [265, 267], [289, 296], [296, 297], [296, 302], [297, 298], [297, 299], [299, 300], [299, 301], [302, 303], [302, 315], [303, 304], [303, 305], [305, 306], [305, 307], [307, 308], [307, 309], [309, 310], [309, 311], [350, 351], [350, 353], [360, 361], [360, 367], [363, 364], [363, 366]], "missing_branches": [[172, 173], [289, 290], [291, 292], [291, 293], [293, 294], [293, 295]]}}}, "jobchain/core.py": {"executed_lines": [12, 14, 15, 16, 17, 20, 29, 30, 31, 32, 33, 34, 35, 36, 37, 38, 39, 41, 60, 71, 73, 74, 77, 80, 83, 86, 89, 93, 97, 100, 103, 106, 109, 112, 115, 118, 121, 124, 127, 130, 138, 139, 141, 144, 146, 149, 155, 159, 163, 175, 176, 178, 181, 182, 183, 184, 185, 186, 187, 191, 193, 194, 196, 197, 198, 200, 203, 204, 205, 207, 210, 212, 214, 217, 227, 230, 231, 232, 234, 235, 236, 237, 239, 240, 242, 245, 252, 253, 254, 255], "summary": {"covered_lines": 90, "num_statements": 91, "percent_covered": 98.13084112149532, "percent_covered_display": "98", "missing_lines": 1, "excluded_lines": 0, "percent_statements_covered": 98.9010989010989, "percent_statements_covered_display": "99", "num_branches": 16, "num_partial_branches": 1, "covered_branches": 15, "missing_branches": 1, "percent_branches_covered": 93.75, "percent_branches_covered_display": "94"}, "missing_lines": [241], "excluded_lines": [], "executed_branches": [[175, 176], [175, 178], [181, 182], [181, 183], [186, 187], [186, 193], [193, 194], [193, 196], [200, 203], [200, 214], [236, 237], [236, 239], [240, 242], [254, -245], [254, 255]], "missing_branches": [[240, 241]], "functions": {"JobChainError.__init__": {"executed_lines": [74], "summary": {"covered_lines": 1, "num_statements": 1, "percent_covered": 100.0, "percent_covered_display": "100", "missing_lines": 0, "excluded_lines": 0, "percent_statements_covered": 100.0, "percent_statements_covered_display": "100", "num_branches": 0, "num_partial_branches": 0, "covered_branches": 0, "missing_branches": 0, "percent_branches_covered": 100.0, "percent_branches_covered_display": "100"}, "missing_lines": [], "excluded_lines": [], "start_line": 73, "executed_branches": [], "missing_branches": []}, "trace": {"executed_lines": [146], "summary": {"covered_lines": 1, "num_statements": 1, "percent_covered": 100.0, "percent_covered_display": "100", "missing_lines": 0, "excluded_lines": 0, "percent_statements_covered": 100.0, "percent_statements_covered_display": "100", "num_branches": 0, "num_partial_branches": 0, "covered_branches": 0, "missing_branches": 0, "percent_branches_covered": 100.0, "percent_branches_covered_display": "100"}, "missing_lines": [], "excluded_lines": [], "start_line": 144, "executed_branches": [], "missing_branches": []}, "get_logger": {"executed_lines": [155], "summary": {"covered_lines": 1, "num_statements": 1, "percent_covered": 100.0, "percent_covered_display": "100", "missing_lines": 0, "excluded_lines": 0, "percent_statements_covered": 100.0, "percent_statements_covered_display": "100", "num_branches": 0, "num_partial_branches": 0, "covered_branches": 0, "missing_branches": 0, "percent_branches_covered": 100.0, "percent_branches_covered_display": "100"}, "missing_lines": [], "excluded_lines": [], "start_line": 149, "executed_branches": [], "missing_branches": []}, "configure_logging": {"executed_lines": [175, 176, 178, 181, 182, 183, 184, 185, 186, 187, 191, 193, 194, 196, 197, 198, 200, 203, 204, 205, 207, 210, 212, 214], "summary": {"covered_lines": 24, "num_statements": 24, "percent_covered": 100.0, "percent_covered_display": "100", "missing_lines": 0, "excluded_lines": 0, "percent_statements_covered": 100.0, "percent_statements_covered_display": "100", "num_branches": 10, "num_partial_branches": 0, "covered_branches": 10, "missing_branches": 0, "percent_branches_covered": 100.0, "percent_branches_covered_display": "100"}, "missing_lines": [], "excluded_lines": [], "start_line": 163, "executed_branches": [[175, 176], [175, 178], [181, 182], [181, 183], [186, 187], [186, 193], [193, 194], [193, 196], [200, 203], [200, 214]], "missing_branches": []}, "_Formatter.__init__": {"executed_lines": [231, 232], "summary": {"covered_lines": 2, "num_statements": 2, "percent_covered": 100.0, "percent_covered_display": "100", "missing_lines": 0, "excluded_lines": 0, "percent_statements_covered": 100.0, "percent_statements_covered_display": "100", "num_branches": 0, "num_partial_branches": 0, "covered_branches": 0, "missing_branches": 0, "percent_branches_covered": 100.0, "percent_branches_covered_display": "100"}, "missing_lines": [], "excluded_lines": [], "start_line": 230, "executed_branches": [], "missing_branches": []}, "_Formatter.format": {"executed_lines": [235, 236, 237, 239, 240, 242], "summary": {"covered_lines": 6, "num_statements": 7, "percent_covered": 81.81818181818181, "percent_covered_display": "82", "missing_lines": 1, "excluded_lines": 0, "percent_statements_covered": 85.71428571428571, "percent_statements_covered_display": "86", "num_branches": 4, "num_partial_branches": 1, "covered_branches": 3, "missing_branches": 1, "percent_branches_covered": 75.0, "percent_branches_covered_display": "75"}, "missing_lines": [241], "excluded_lines": [], "start_line": 234, "executed_branches": [[236, 237], [236, 239], [240, 242]], "missing_branches": [[240, 241]]}, "log_startup_summary": {"executed_lines": [252, 253, 254, 255], "summary": {"covered_lines": 4, "num_statements": 4, "percent_covered": 100.0, "percent_covered_display": "100", "missing_lines": 0, "excluded_lines": 0, "percent_statements_covered": 100.0, "percent_statements_covered_display": "100", "num_branches": 2, "num_partial_branches": 0, "covered_branches": 2, "missing_branches": 0, "percent_branches_covered": 100.0, "percent_branches_covered_display": "100"}, "missing_lines": [], "excluded_lines": [], "start_line": 245, "executed_branches": [[254, -245], [254, 255]], "missing_branches": []}, "": {"executed_lines": [12, 14, 15, 16, 17, 20, 29, 30, 31, 32, 33, 34, 35, 36, 37, 38, 39, 41, 60, 71, 73, 77, 80, 83, 86, 89, 93, 97, 100, 103, 106, 109, 112, 115, 118, 121, 124, 127, 130, 138, 139, 141, 144, 149, 159, 163, 217, 227, 230, 234, 245], "summary": {"covered_lines": 51, "num_statements": 51, "percent_covered": 100.0, "percent_covered_display": "100", "missing_lines": 0, "excluded_lines": 0, "percent_statements_covered": 100.0, "percent_statements_covered_display": "100", "num_branches": 0, "num_partial_branches": 0, "covered_branches": 0, "missing_branches": 0, "percent_branches_covered": 100.0, "percent_branches_covered_display": "100"}, "missing_lines": [], "excluded_lines": [], "start_line": 1, "executed_branches": [], "missing_branches": []}}, "classes": {"JobChainError": {"executed_lines": [74], "summary": {"covered_lines": 1, "num_statements": 1, "percent_covered": 100.0, "percent_covered_display": "100", "missing_lines": 0, "excluded_lines": 0, "percent_statements_covered": 100.0, "percent_statements_covered_display": "100", "num_branches": 0, "num_partial_branches": 0, "covered_branches": 0, "missing_branches": 0, "percent_branches_covered": 100.0, "percent_branches_covered_display": "100"}, "missing_lines": [], "excluded_lines": [], "start_line": 60, "executed_branches": [], "missing_branches": []}, "UsageError": {"executed_lines": [], "summary": {"covered_lines": 0, "num_statements": 0, "percent_covered": 100.0, "percent_covered_display": "100", "missing_lines": 0, "excluded_lines": 0, "percent_statements_covered": 100.0, "percent_statements_covered_display": "100", "num_branches": 0, "num_partial_branches": 0, "covered_branches": 0, "missing_branches": 0, "percent_branches_covered": 100.0, "percent_branches_covered_display": "100"}, "missing_lines": [], "excluded_lines": [], "start_line": 77, "executed_branches": [], "missing_branches": []}, "ConfigError": {"executed_lines": [], "summary": {"covered_lines": 0, "num_statements": 0, "percent_covered": 100.0, "percent_covered_display": "100", "missing_lines": 0, "excluded_lines": 0, "percent_statements_covered": 100.0, "percent_statements_covered_display": "100", "num_branches": 0, "num_partial_branches": 0, "covered_branches": 0, "missing_branches": 0, "percent_branches_covered": 100.0, "percent_branches_covered_display": "100"}, "missing_lines": [], "excluded_lines": [], "start_line": 83, "executed_branches": [], "missing_branches": []}, "SchemaError": {"executed_lines": [], "summary": {"covered_lines": 0, "num_statements": 0, "percent_covered": 100.0, "percent_covered_display": "100", "missing_lines": 0, "excluded_lines": 0, "percent_statements_covered": 100.0, "percent_statements_covered_display": "100", "num_branches": 0, "num_partial_branches": 0, "covered_branches": 0, "missing_branches": 0, "percent_branches_covered": 100.0, "percent_branches_covered_display": "100"}, "missing_lines": [], "excluded_lines": [], "start_line": 89, "executed_branches": [], "missing_branches": []}, "PipelineError": {"executed_lines": [], "summary": {"covered_lines": 0, "num_statements": 0, "percent_covered": 100.0, "percent_covered_display": "100", "missing_lines": 0, "excluded_lines": 0, "percent_statements_covered": 100.0, "percent_statements_covered_display": "100", "num_branches": 0, "num_partial_branches": 0, "covered_branches": 0, "missing_branches": 0, "percent_branches_covered": 100.0, "percent_branches_covered_display": "100"}, "missing_lines": [], "excluded_lines": [], "start_line": 93, "executed_branches": [], "missing_branches": []}, "DataError": {"executed_lines": [], "summary": {"covered_lines": 0, "num_statements": 0, "percent_covered": 100.0, "percent_covered_display": "100", "missing_lines": 0, "excluded_lines": 0, "percent_statements_covered": 100.0, "percent_statements_covered_display": "100", "num_branches": 0, "num_partial_branches": 0, "covered_branches": 0, "missing_branches": 0, "percent_branches_covered": 100.0, "percent_branches_covered_display": "100"}, "missing_lines": [], "excluded_lines": [], "start_line": 97, "executed_branches": [], "missing_branches": []}, "StructureError": {"executed_lines": [], "summary": {"covered_lines": 0, "num_statements": 0, "percent_covered": 100.0, "percent_covered_display": "100", "missing_lines": 0, "excluded_lines": 0, "percent_statements_covered": 100.0, "percent_statements_covered_display": "100", "num_branches": 0, "num_partial_branches": 0, "covered_branches": 0, "missing_branches": 0, "percent_branches_covered": 100.0, "percent_branches_covered_display": "100"}, "missing_lines": [], "excluded_lines": [], "start_line": 103, "executed_branches": [], "missing_branches": []}, "StateError": {"executed_lines": [], "summary": {"covered_lines": 0, "num_statements": 0, "percent_covered": 100.0, "percent_covered_display": "100", "missing_lines": 0, "excluded_lines": 0, "percent_statements_covered": 100.0, "percent_statements_covered_display": "100", "num_branches": 0, "num_partial_branches": 0, "covered_branches": 0, "missing_branches": 0, "percent_branches_covered": 100.0, "percent_branches_covered_display": "100"}, "missing_lines": [], "excluded_lines": [], "start_line": 109, "executed_branches": [], "missing_branches": []}, "SchedulerError": {"executed_lines": [], "summary": {"covered_lines": 0, "num_statements": 0, "percent_covered": 100.0, "percent_covered_display": "100", "missing_lines": 0, "excluded_lines": 0, "percent_statements_covered": 100.0, "percent_statements_covered_display": "100", "num_branches": 0, "num_partial_branches": 0, "covered_branches": 0, "missing_branches": 0, "percent_branches_covered": 100.0, "percent_branches_covered_display": "100"}, "missing_lines": [], "excluded_lines": [], "start_line": 115, "executed_branches": [], "missing_branches": []}, "NodeHelperError": {"executed_lines": [], "summary": {"covered_lines": 0, "num_statements": 0, "percent_covered": 100.0, "percent_covered_display": "100", "missing_lines": 0, "excluded_lines": 0, "percent_statements_covered": 100.0, "percent_statements_covered_display": "100", "num_branches": 0, "num_partial_branches": 0, "covered_branches": 0, "missing_branches": 0, "percent_branches_covered": 100.0, "percent_branches_covered_display": "100"}, "missing_lines": [], "excluded_lines": [], "start_line": 121, "executed_branches": [], "missing_branches": []}, "ConflictError": {"executed_lines": [], "summary": {"covered_lines": 0, "num_statements": 0, "percent_covered": 100.0, "percent_covered_display": "100", "missing_lines": 0, "excluded_lines": 0, "percent_statements_covered": 100.0, "percent_statements_covered_display": "100", "num_branches": 0, "num_partial_branches": 0, "covered_branches": 0, "missing_branches": 0, "percent_branches_covered": 100.0, "percent_branches_covered_display": "100"}, "missing_lines": [], "excluded_lines": [], "start_line": 127, "executed_branches": [], "missing_branches": []}, "_Formatter": {"executed_lines": [231, 232, 235, 236, 237, 239, 240, 242], "summary": {"covered_lines": 8, "num_statements": 9, "percent_covered": 84.61538461538461, "percent_covered_display": "85", "missing_lines": 1, "excluded_lines": 0, "percent_statements_covered": 88.88888888888889, "percent_statements_covered_display": "89", "num_branches": 4, "num_partial_branches": 1, "covered_branches": 3, "missing_branches": 1, "percent_branches_covered": 75.0, "percent_branches_covered_display": "75"}, "missing_lines": [241], "excluded_lines": [], "start_line": 227, "executed_branches": [[236, 237], [236, 239], [240, 242]], "missing_branches": [[240, 241]]}, "": {"executed_lines": [12, 14, 15, 16, 17, 20, 29, 30, 31, 32, 33, 34, 35, 36, 37, 38, 39, 41, 60, 71, 73, 77, 80, 83, 86, 89, 93, 97, 100, 103, 106, 109, 112, 115, 118, 121, 124, 127, 130, 138, 139, 141, 144, 146, 149, 155, 159, 163, 175, 176, 178, 181, 182, 183, 184, 185, 186, 187, 191, 193, 194, 196, 197, 198, 200, 203, 204, 205, 207, 210, 212, 214, 217, 227, 230, 234, 245, 252, 253, 254, 255], "summary": {"covered_lines": 81, "num_statements": 81, "percent_covered": 100.0, "percent_covered_display": "100", "missing_lines": 0, "excluded_lines": 0, "percent_statements_covered": 100.0, "percent_statements_covered_display": "100", "num_branches": 12, "num_partial_branches": 0, "covered_branches": 12, "missing_branches": 0, "percent_branches_covered": 100.0, "percent_branches_covered_display": "100"}, "missing_lines": [], "excluded_lines": [], "start_line": 1, "executed_branches": [[175, 176], [175, 178], [181, 182], [181, 183], [186, 187], [186, 193], [193, 194], [193, 196], [200, 203], [200, 214], [254, -245], [254, 255]], "missing_branches": []}}}, "jobchain/operations.py": {"executed_lines": [17, 19, 20, 21, 22, 23, 24, 25, 26, 28, 29, 38, 39, 40, 50, 51, 66, 67, 70, 71, 72, 73, 74, 75, 78, 79, 82, 83, 84, 85, 86, 87, 88, 89, 90, 98, 105, 106, 108, 111, 113, 114, 117, 123, 124, 127, 129, 130, 131, 132, 135, 136, 137, 138, 139, 147, 152, 153, 154, 156, 157, 158, 162, 163, 167, 171, 172, 173, 174, 176, 177, 178, 179, 182, 184, 185, 191, 192, 195, 205, 206, 207, 208, 209, 210, 213, 217, 225, 226, 228, 229, 235, 240, 243, 245, 246, 248, 249, 256, 258, 259, 262, 275, 276, 277, 279, 280, 285, 286, 287, 288, 290, 293, 300, 313, 314, 318, 320, 323, 324, 325, 327, 330, 333, 335, 338, 345, 346, 347, 348, 352, 360, 361, 362, 363, 368, 369, 370, 371, 373, 376, 383, 384, 385, 387, 388, 389, 390, 391, 392, 393, 396, 404, 405, 407, 408, 411, 418, 419, 422, 427, 428, 429, 432, 439, 441, 442, 443, 444, 447, 448, 449, 450, 451, 454, 464, 465, 466, 467, 470, 472, 473, 475, 476, 478, 479, 480, 481, 482, 483, 484, 485, 486, 487, 488, 489, 490, 492, 493, 494, 495, 497, 498, 499, 500, 501, 502, 503, 504, 505, 506, 508, 509, 511, 512, 513, 514, 517, 525, 527, 528, 530, 539, 540, 550, 551, 552, 557, 558, 559, 560, 561, 564, 565, 569, 577, 578, 579, 583, 584, 587, 588, 589, 592, 593, 595, 596, 599, 604, 605, 606, 610, 611, 612, 613, 615, 617, 618, 619, 620, 628, 629, 632, 633, 634, 635, 636, 638, 641, 642, 645, 646, 647, 648, 649, 652, 658, 659, 661, 662, 663, 666, 667, 668, 669, 670, 674, 678, 680, 681, 684, 685, 686, 688, 689, 690, 693, 694, 697, 701, 703, 706, 708, 709, 710, 713, 716, 722, 723, 724, 725, 726, 729, 730, 731, 732, 733, 734, 735, 739, 742, 748, 749, 750, 751, 752, 753, 754, 755, 756, 757, 758, 763, 766, 821, 858, 864, 865, 866, 867, 868, 869, 871, 872, 873, 875, 876, 878, 879, 882, 899, 934, 935, 938, 939, 940, 943, 999, 1000, 1003, 1004, 1005, 1008, 1009, 1012, 1013, 1014, 1015, 1016, 1017, 1018, 1019, 1020, 1021, 1022, 1024, 1025, 1029, 1138, 1141, 1142, 1143, 1144, 1145, 1146, 1148, 1149, 1150, 1160, 1167, 1168, 1170, 1172, 1173, 1175, 1211, 1212, 1213, 1214, 1215, 1218, 1220, 1221, 1222, 1229, 1231, 1232, 1237, 1238, 1246, 1248, 1249, 1250, 1251, 1252, 1253, 1254, 1255, 1256, 1259, 1260, 1261, 1262, 1263, 1264, 1265, 1266, 1267, 1268, 1269], "summary": {"covered_lines": 430, "num_statements": 675, "percent_covered": 58.3068783068783, "percent_covered_display": "58", "missing_lines": 245, "excluded_lines": 0, "percent_statements_covered": 63.7037037037037, "percent_statements_covered_display": "64", "num_branches": 270, "num_partial_branches": 35, "covered_branches": 121, "missing_branches": 149, "percent_branches_covered": 44.81481481481482, "percent_branches_covered_display": "45"}, "missing_lines": [109, 133, 168, 169, 214, 215, 218, 219, 221, 222, 223, 227, 230, 231, 232, 233, 247, 250, 294, 364, 365, 440, 445, 446, 468, 531, 541, 543, 544, 545, 548, 553, 554, 556, 580, 581, 664, 672, 695, 698, 699, 700, 727, 728, 736, 737, 738, 759, 760, 761, 762, 772, 773, 774, 776, 777, 778, 779, 781, 782, 788, 789, 790, 791, 792, 795, 796, 797, 799, 800, 801, 803, 804, 806, 810, 811, 812, 813, 814, 815, 817, 818, 824, 825, 826, 827, 829, 830, 831, 835, 836, 838, 843, 844, 845, 851, 853, 855, 874, 884, 885, 886, 887, 888, 889, 890, 891, 892, 893, 894, 895, 896, 902, 903, 904, 906, 907, 909, 910, 912, 913, 914, 915, 916, 917, 919, 920, 921, 923, 924, 925, 926, 952, 953, 954, 956, 957, 958, 959, 962, 963, 964, 965, 966, 967, 968, 969, 970, 971, 972, 973, 974, 975, 976, 977, 979, 980, 981, 983, 984, 985, 987, 989, 990, 991, 1026, 1036, 1037, 1038, 1043, 1044, 1045, 1047, 1048, 1049, 1050, 1051, 1052, 1053, 1054, 1055, 1057, 1059, 1060, 1061, 1062, 1063, 1064, 1068, 1069, 1072, 1073, 1075, 1076, 1077, 1078, 1079, 1084, 1085, 1088, 1090, 1091, 1092, 1093, 1094, 1095, 1096, 1101, 1102, 1103, 1108, 1110, 1111, 1112, 1116, 1117, 1120, 1121, 1124, 1125, 1128, 1129, 1130, 1131, 1132, 1133, 1135, 1169, 1174, 1177, 1178, 1180, 1181, 1189, 1195, 1196, 1197, 1198, 1201, 1202, 1206, 1207, 1208, 1234, 1235], "excluded_lines": [], "executed_branches": [[108, 111], [132, 135], [156, 157], [156, 162], [162, 163], [162, 167], [167, 171], [172, 173], [172, 176], [213, 217], [217, 225], [225, 226], [225, 235], [226, 228], [246, 248], [249, -243], [287, 288], [287, 290], [293, 300], [346, 347], [346, 348], [361, 362], [361, 363], [363, 368], [370, 371], [370, 373], [387, 388], [387, 407], [392, 393], [392, 396], [439, 441], [441, 442], [441, 443], [447, 448], [449, 450], [449, 451], [467, 470], [472, 473], [481, 482], [481, 495], [487, 488], [487, 490], [499, 500], [499, 508], [502, 503], [502, 505], [505, 506], [508, 509], [511, 512], [511, 517], [530, 539], [540, 550], [550, -525], [550, 551], [552, 557], [559, 560], [559, 564], [579, 583], [587, 588], [587, 592], [592, 593], [592, 595], [605, 606], [605, 620], [606, 610], [606, 618], [610, 611], [610, 615], [611, 612], [661, 662], [661, 667], [663, 666], [667, 668], [667, 674], [668, 669], [669, 670], [684, 685], [684, 703], [685, 686], [685, 689], [689, 690], [689, 694], [694, 697], [697, 701], [709, 710], [709, 713], [722, 723], [722, 724], [729, 730], [729, 735], [731, 732], [733, 734], [735, 739], [752, 753], [752, 763], [753, 754], [753, 755], [755, 752], [755, 756], [865, 866], [865, 871], [867, 868], [867, 869], [871, 872], [871, 879], [873, 875], [875, 876], [875, 878], [1143, 1144], [1143, 1145], [1145, 1146], [1145, 1149], [1149, 1150], [1168, 1170], [1172, 1173], [1173, 1175], [1212, 1213], [1212, 1214], [1252, 1253], [1252, 1256], [1261, 1262]], "missing_branches": [[108, 109], [132, 133], [167, 168], [213, 214], [217, 218], [221, 222], [221, 225], [226, 227], [246, 247], [249, 250], [293, 294], [363, 364], [439, 440], [447, 451], [467, 468], [472, 475], [505, 499], [508, 511], [530, 531], [540, 541], [544, 545], [544, 550], [552, 553], [579, 580], [611, 613], [663, 664], [668, 672], [669, 668], [694, 695], [697, 698], [699, 700], [699, 701], [731, 729], [733, 729], [735, 736], [737, 738], [737, 739], [776, 777], [776, 803], [777, 778], [777, 781], [781, 782], [781, 788], [788, 789], [788, 799], [790, 791], [790, 792], [792, 795], [792, 796], [
[...]
": [], "summary": {"covered_lines": 0, "num_statements": 3, "percent_covered": 0.0, "percent_covered_display": "0", "missing_lines": 3, "excluded_lines": 0, "percent_statements_covered": 0.0, "percent_statements_covered_display": "0", "num_branches": 0, "num_partial_branches": 0, "covered_branches": 0, "missing_branches": 0, "percent_branches_covered": 100.0, "percent_branches_covered_display": "100"}, "missing_lines": [701, 702, 703], "excluded_lines": [], "start_line": 699, "executed_branches": [], "missing_branches": []}, "Store.write_resources": {"executed_lines": [708, 709], "summary": {"covered_lines": 2, "num_statements": 2, "percent_covered": 100.0, "percent_covered_display": "100", "missing_lines": 0, "excluded_lines": 0, "percent_statements_covered": 100.0, "percent_statements_covered_display": "100", "num_branches": 0, "num_partial_branches": 0, "covered_branches": 0, "missing_branches": 0, "percent_branches_covered": 100.0, "percent_branches_covered_display": "100"}, "missing_lines": [], "excluded_lines": [], "start_line": 705, "executed_branches": [], "missing_branches": []}, "Store._run_node": {"executed_lines": [714, 715, 716, 717, 719, 720], "summary": {"covered_lines": 6, "num_statements": 6, "percent_covered": 100.0, "percent_covered_display": "100", "missing_lines": 0, "excluded_lines": 0, "percent_statements_covered": 100.0, "percent_statements_covered_display": "100", "num_branches": 0, "num_partial_branches": 0, "covered_branches": 0, "missing_branches": 0, "percent_branches_covered": 100.0, "percent_branches_covered_display": "100"}, "missing_lines": [], "excluded_lines": [], "start_line": 713, "executed_branches": [], "missing_branches": []}, "Store.read_events": {"executed_lines": [], "summary": {"covered_lines": 0, "num_statements": 1, "percent_covered": 0.0, "percent_covered_display": "0", "missing_lines": 1, "excluded_lines": 0, "percent_statements_covered": 0.0, "percent_statements_covered_display": "0", "num_branches": 0, "num_partial_branches": 0, "covered_branches": 0, "missing_branches": 0, "percent_branches_covered": 100.0, "percent_branches_covered_display": "100"}, "missing_lines": [726], "excluded_lines": [], "start_line": 725, "executed_branches": [], "missing_branches": []}, "Store.summary": {"executed_lines": [], "summary": {"covered_lines": 0, "num_statements": 4, "percent_covered": 0.0, "percent_covered_display": "0", "missing_lines": 4, "excluded_lines": 0, "percent_statements_covered": 0.0, "percent_statements_covered_display": "0", "num_branches": 2, "num_partial_branches": 0, "covered_branches": 0, "missing_branches": 2, "percent_branches_covered": 0.0, "percent_branches_covered_display": "0"}, "missing_lines": [729, 730, 731, 732], "excluded_lines": [], "start_line": 728, "executed_branches": [], "missing_branches": [[730, 731], [730, 732]]}, "_column_value": {"executed_lines": [747, 748], "summary": {"covered_lines": 2, "num_statements": 5, "percent_covered": 33.333333333333336, "percent_covered_display": "33", "missing_lines": 3, "excluded_lines": 0, "percent_statements_covered": 40.0, "percent_statements_covered_display": "40", "num_branches": 4, "num_partial_branches": 1, "covered_branches": 1, "missing_branches": 3, "percent_branches_covered": 25.0, "percent_branches_covered_display": "25"}, "missing_lines": [749, 752, 753], "excluded_lines": [], "start_line": 740, "executed_branches": [[747, 748]], "missing_branches": [[747, 749], [749, 752], [749, 753]]}, "row_name": {"executed_lines": [758], "summary": {"covered_lines": 1, "num_statements": 1, "percent_covered": 100.0, "percent_covered_display": "100", "missing_lines": 0, "excluded_lines": 0, "percent_statements_covered": 100.0, "percent_statements_covered_display": "100", "num_branches": 0, "num_partial_branches": 0, "covered_branches": 0, "missing_branches": 0, "percent_branches_covered": 100.0, "percent_branches_covered_display": "100"}, "missing_lines": [], "excluded_lines": [], "start_line": 756, "executed_branches": [], "missing_branches": []}, "_pad": {"executed_lines": [762], "summary": {"covered_lines": 1, "num_statements": 1, "percent_covered": 100.0, "percent_covered_display": "100", "missing_lines": 0, "excluded_lines": 0, "percent_statements_covered": 100.0, "percent_statements_covered_display": "100", "num_branches": 0, "num_partial_branches": 0, "covered_branches": 0, "missing_branches": 0, "percent_branches_covered": 100.0, "percent_branches_covered_display": "100"}, "missing_lines": [], "excluded_lines": [], "start_line": 761, "executed_branches": [], "missing_branches": []}, "render_env": {"executed_lines": [772, 773, 774, 775, 776, 777, 778, 780, 781, 782, 783], "summary": {"covered_lines": 11, "num_statements": 11, "percent_covered": 100.0, "percent_covered_display": "100", "missing_lines": 0, "excluded_lines": 0, "percent_statements_covered": 100.0, "percent_statements_covered_display": "100", "num_branches": 6, "num_partial_branches": 0, "covered_branches": 6, "missing_branches": 0, "percent_branches_covered": 100.0, "percent_branches_covered_display": "100"}, "missing_lines": [], "excluded_lines": [], "start_line": 765, "executed_branches": [[773, 774], [773, 783], [775, 776], [775, 777], [777, 778], [777, 780]], "missing_branches": []}, "_shell_quote": {"executed_lines": [787], "summary": {"covered_lines": 1, "num_statements": 1, "percent_covered": 100.0, "percent_covered_display": "100", "missing_lines": 0, "excluded_lines": 0, "percent_statements_covered": 100.0, "percent_statements_covered_display": "100", "num_branches": 0, "num_partial_branches": 0, "covered_branches": 0, "missing_branches": 0, "percent_branches_covered": 100.0, "percent_branches_covered_display": "100"}, "missing_lines": [], "excluded_lines": [], "start_line": 786, "executed_branches": [], "missing_branches": []}, "_parse_handoff": {"executed_lines": [792, 793, 801], "summary": {"covered_lines": 3, "num_statements": 10, "percent_covered": 25.0, "percent_covered_display": "25", "missing_lines": 7, "excluded_lines": 0, "percent_statements_covered": 30.0, "percent_statements_covered_display": "30", "num_branches": 6, "num_partial_branches": 1, "covered_branches": 1, "missing_branches": 5, "percent_branches_covered": 16.666666666666668, "percent_branches_covered_display": "17"}, "missing_lines": [794, 795, 796, 797, 798, 799, 800], "excluded_lines": [], "start_line": 790, "executed_branches": [[793, 801]], "missing_branches": [[793, 794], [794, 793], [794, 795], [798, 799], [798, 800]]}, "_parse_assignments": {"executed_lines": [805, 806, 807, 808, 809, 810], "summary": {"covered_lines": 6, "num_statements": 6, "percent_covered": 90.0, "percent_covered_display": "90", "missing_lines": 0, "excluded_lines": 0, "percent_statements_covered": 100.0, "percent_statements_covered_display": "100", "num_branches": 4, "num_partial_branches": 1, "covered_branches": 3, "missing_branches": 1, "percent_branches_covered": 75.0, "percent_branches_covered_display": "75"}, "missing_lines": [], "excluded_lines": [], "start_line": 804, "executed_branches": [[806, 807], [806, 810], [807, 808]], "missing_branches": [[807, 806]]}, "_hostname": {"executed_lines": [814, 815, 816], "summary": {"covered_lines": 3, "num_statements": 3, "percent_covered": 100.0, "percent_covered_display": "100", "missing_lines": 0, "excluded_lines": 2, "percent_statements_covered": 100.0, "percent_statements_covered_display": "100", "num_branches": 0, "num_partial_branches": 0, "covered_branches": 0, "missing_branches": 0, "percent_branches_covered": 100.0, "percent_branches_covered_display": "100"}, "missing_lines": [], "excluded_lines": [817, 818], "start_line": 813, "executed_branches": [], "missing_branches": []}, "_write_text": {"executed_lines": [823, 824, 825, 826, 827, 828, 829, 830, 831], "summary": {"covered_lines": 9, "num_statements": 9, "percent_covered": 90.9090909090909, "percent_covered_display": "91", "missing_lines": 0, "excluded_lines": 0, "percent_statements_covered": 100.0, "percent_statements_covered_display": "100", "num_branches": 2, "num_partial_branches": 1, "covered_branches": 1, "missing_branches": 1, "percent_branches_covered": 50.0, "percent_branches_covered_display": "50"}, "missing_lines": [], "excluded_lines": [], "start_line": 821, "executed_branches": [[824, 825]], "missing_branches": [[824, 826]]}, "_write_json": {"executed_lines": [835], "summary": {"covered_lines": 1, "num_statements": 1, "percent_covered": 100.0, "percent_covered_display": "100", "missing_lines": 0, "excluded_lines": 0, "percent_statements_covered": 100.0, "percent_statements_covered_display": "100", "num_branches": 0, "num_partial_branches": 0, "covered_branches": 0, "missing_branches": 0, "percent_branches_covered": 100.0, "percent_branches_covered_display": "100"}, "missing_lines": [], "excluded_lines": [], "start_line": 834, "executed_branches": [], "missing_branches": []}, "_read_text": {"executed_lines": [839, 840, 841, 842, 843], "summary": {"covered_lines": 5, "num_statements": 5, "percent_covered": 100.0, "percent_covered_display": "100", "missing_lines": 0, "excluded_lines": 0, "percent_statements_covered": 100.0, "percent_statements_covered_display": "100", "num_branches": 0, "num_partial_branches": 0, "covered_branches": 0, "missing_branches": 0, "percent_branches_covered": 100.0, "percent_branches_covered_display": "100"}, "missing_lines": [], "excluded_lines": [], "start_line": 838, "executed_branches": [], "missing_branches": []}, "_read_json": {"executed_lines": [847, 848, 849, 850, 851], "summary": {"covered_lines": 5, "num_statements": 5, "percent_covered": 100.0, "percent_covered_display": "100", "missing_lines": 0, "excluded_lines": 0, "percent_statements_covered": 100.0, "percent_statements_covered_display": "100", "num_branches": 0, "num_partial_branches": 0, "covered_branches": 0, "missing_branches": 0, "percent_branches_covered": 100.0, "percent_branches_covered_display": "100"}, "missing_lines": [], "excluded_lines": [], "start_line": 846, "executed_branches": [], "missing_branches": []}, "_read_optional": {"executed_lines": [855, 856], "summary": {"covered_lines": 2, "num_statements": 2, "percent_covered": 100.0, "percent_covered_display": "100", "missing_lines": 0, "excluded_lines": 0, "percent_statements_covered": 100.0, "percent_statements_covered_display": "100", "num_branches": 0, "num_partial_branches": 0, "covered_branches": 0, "missing_branches": 0, "percent_branches_covered": 100.0, "percent_branches_covered_display": "100"}, "missing_lines": [], "excluded_lines": [], "start_line": 854, "executed_branches": [], "missing_branches": []}, "_read_lines": {"executed_lines": [860], "summary": {"covered_lines": 1, "num_statements": 1, "percent_covered": 100.0, "percent_covered_display": "100", "missing_lines": 0, "excluded_lines": 0, "percent_statements_covered": 100.0, "percent_statements_covered_display": "100", "num_branches": 0, "num_partial_branches": 0, "covered_branches": 0, "missing_branches": 0, "percent_branches_covered": 100.0, "percent_branches_covered_display": "100"}, "missing_lines": [], "excluded_lines": [], "start_line": 859, "executed_branches": [], "missing_branches": []}, "": {"executed_lines": [24, 26, 27, 28, 29, 30, 31, 32, 33, 35, 39, 40, 41, 42, 43, 44, 45, 46, 49, 51, 53, 54, 57, 58, 61, 62, 63, 64, 65, 66, 67, 68, 71, 72, 75, 76, 77, 78, 80, 87, 88, 91, 92, 93, 94, 95, 96, 97, 98, 99, 100, 101, 102, 105, 107, 108, 114, 115, 118, 119, 145, 146, 159, 160, 169, 170, 176, 191, 226, 229, 235, 236, 241, 242, 254, 255, 264, 265, 268, 269, 276, 277, 280, 281, 284, 285, 288, 289, 292, 293, 296, 297, 300, 301, 304, 305, 308, 309, 312, 315, 320, 323, 327, 335, 343, 349, 353, 360, 379, 384, 389, 393, 394, 399, 427, 439, 450, 453, 463, 466, 471, 489, 507, 512, 520, 565, 598, 601, 652, 669, 692, 699, 705, 713, 725, 728, 740, 756, 761, 765, 786, 790, 804, 813, 821, 834, 838, 846, 854, 859], "summary": {"covered_lines": 150, "num_statements": 150, "percent_covered": 100.0, "percent_covered_display": "100", "missing_lines": 0, "excluded_lines": 0, "percent_statements_covered": 100.0, "percent_statements_covered_display": "100", "num_branches": 0, "num_partial_branches": 0, "covered_branches": 0, "missing_branches": 0, "percent_branches_covered": 100.0, "percent_branches_covered_display": "100"}, "missing_lines": [], "excluded_lines": [], "start_line": 1, "executed_branches": [], "missing_branches": []}}, "classes": {"StageState": {"executed_lines": [], "summary": {"covered_lines": 0, "num_statements": 0, "percent_covered": 100.0, "percent_covered_display": "100", "missing_lines": 0, "excluded_lines": 0, "percent_statements_covered": 100.0, "percent_statements_covered_display": "100", "num_branches": 0, "num_partial_branches": 0, "covered_branches": 0, "missing_branches": 0, "percent_branches_covered": 100.0, "percent_branches_covered_display": "100"}, "missing_lines": [], "excluded_lines": [], "start_line": 58, "executed_branches": [], "missing_branches": []}, "RunState": {"executed_lines": [81, 82, 83], "summary": {"covered_lines": 3, "num_statements": 4, "percent_covered": 62.5, "percent_covered_display": "62", "missing_lines": 1, "excluded_lines": 0, "percent_statements_covered": 75.0, "percent_statements_covered_display": "75", "num_branches": 4, "num_partial_branches": 2, "covered_branches": 2, "missing_branches": 2, "percent_branches_covered": 50.0, "percent_branches_covered_display": "50"}, "missing_lines": [84], "excluded_lines": [], "start_line": 72, "executed_branches": [[81, 82], [82, 83]], "missing_branches": [[81, 84], [82, 81]]}, "RowState": {"executed_lines": [109, 110, 111, 112, 116, 126, 127, 128, 129, 130, 131, 132, 133, 134, 135, 136, 137, 138, 139, 140, 141, 142, 143, 148, 149, 150, 151, 152, 153, 154, 155, 156, 161, 162, 163, 171, 172], "summary": {"covered_lines": 37, "num_statements": 42, "percent_covered": 84.61538461538461, "percent_covered_display": "85", "missing_lines": 5, "excluded_lines": 0, "percent_statements_covered": 88.0952380952381, "percent_statements_covered_display": "88", "num_branches": 36, "num_partial_branches": 3, "covered_branches": 29, "missing_branches": 7, "percent_branches_covered": 80.55555555555556, "percent_branches_covered_display": "81"}, "missing_lines": [157, 164, 165, 166, 167], "excluded_lines": [], "start_line": 88, "executed_branches": [[109, 110], [109, 112], [110, 109], [110, 111], [126, 127], [126, 128], [129, 130], [129, 131], [132, 133], [132, 137], [133, 134], [133, 135], [135, 132], [135, 136], [137, 138], [137, 139], [139, 140], [139, 141], [141, 142], [141, 143], [149, 150], [149, 151], [151, 152], [151, 154], [152, 151], [152, 153], [154, 155], [155, 156], [162, 163]], "missing_branches": [[154, 157], [155, 154], [162, 164], [164, 165], [164, 167], [165, 164], [165, 166]]}, "Store": {"executed_lines": [230, 231, 238, 244, 245, 246, 247, 248, 249, 250, 251, 252, 257, 259, 266, 270, 271, 272, 278, 282, 286, 294, 298, 302, 310, 313, 321, 324, 329, 330, 331, 332, 333, 336, 337, 338, 339, 340, 341, 354, 355, 356, 366, 367, 368, 369, 370, 371, 375, 380, 395, 410, 411, 412, 424, 425, 435, 437, 440, 441, 442, 443, 445, 446, 447, 448, 451, 454, 455, 456, 457, 522, 523, 524, 525, 526, 527, 528, 529, 530, 532, 533, 535, 536, 537, 538, 539, 540, 542, 543, 544, 545, 546, 547, 549, 568, 570, 572, 574, 575, 576, 578, 591, 599, 608, 610, 611, 612, 613, 618, 620, 621, 622, 627, 629, 630, 631, 632, 633, 634, 635, 636, 638, 639, 640, 641, 642, 643, 644, 645, 646, 647, 648, 654, 655, 657, 662, 663, 664, 678, 679, 680, 681, 682, 683, 684, 685, 686, 694, 695, 708, 709, 714, 715, 716, 717, 719, 720], "summary": {"covered_lines": 158, "num_statements": 212, "percent_covered": 72.10884353741497, "percent_covered_display": "72", "missing_lines": 54, "excluded_lines": 0, "percent_statements_covered": 74.52830188679245, "percent_statements_covered_display": "75", "num_branches": 82, "num_partial_branches": 12, "covered_branches": 54, "missing_branches": 28, "percent_branches_covered": 65.85365853658537, "percent_branches_covered_display": "66"}, "missing_lines": [258, 290, 306, 316, 325, 344, 345, 346, 347, 350, 351, 386, 390, 391, 444, 458, 459, 464, 467, 468, 469, 479, 480, 481, 486, 487, 498, 499, 500, 501, 502, 503, 509, 510, 514, 515, 516, 541, 614, 623, 656, 658, 665, 666, 687, 696, 701, 702, 703, 726, 729, 730, 731, 732], "excluded_lines": [], "start_line": 226, "executed_branches": [[247, 248], [247, 249], [250, 251], [250, 252], [257, 259], [270, 271], [270, 272], [324, -323], [442, 443], [442, 448], [443, 445], [446, 447], [524, 525], [524, 526], [536, 537], [536, 547], [537, 538], [537, 539], [540, 542], [575, 576], [575, 591], [610, 611], [610, 629], [613, 618], [620, 621], [620, 622], [622, 627], [629, 630], [629, 638], [631, 632], [631, 633], [633, 634], [633, 636], [634, 633], [634, 635], [639, 640], [639, 641], [641, 642], [641, 645], [643, 644], [645, 646], [645, 648], [646, 645], [646, 647], [655, 657], [657, 662], [679, 680], [679, 681], [681, 682], [681, 683], [683, 684], [683, 685], [686, -669], [695, -692]], "missing_branches": [[257, 258], [324, 325], [350, -349], [350, 351], [390, -389], [390, 391], [443, 444], [446, 442], [468, -466], [468, 469], [499, 500], [499, 503], [500, 501], [500, 502], [509, -507], [509, 510], [515, -512], [515, 516], [540, 541], [613, 614], [622, 623], [643, 645], [655, 656], [657, 658], [686, 687], [695, 696], [730, 731], [730, 732]]}, "": {"executed_lines": [24, 26, 27, 28, 29, 30, 31, 32, 33, 35, 39, 40, 41, 42, 43, 44, 45, 46, 49, 51, 53, 54, 57, 58, 61, 62, 63, 64, 65, 66, 67, 68, 71, 72, 75, 76, 77, 78, 80, 87, 88, 91, 92, 93, 94, 95, 96, 97, 98, 99, 100, 101, 102, 105, 107, 108, 114, 115, 118, 119, 145, 146, 159, 160, 169, 170, 176, 178, 179, 180, 181, 182, 183, 191, 199, 207, 208, 209, 210, 211, 212, 213, 214, 226, 229, 235, 236, 241, 242, 254, 255, 264, 265, 268, 269, 276, 277, 280, 281, 284, 285, 288, 289, 292, 293, 296, 297, 300, 301, 304, 305, 308, 309, 312, 315, 320, 323, 327, 335, 343, 349, 353, 360, 379, 384, 389, 393, 394, 399, 427, 439, 450, 453, 463, 466, 471, 489, 507, 512, 520, 565, 598, 601, 652, 669, 692, 699, 705, 713, 725, 728, 740, 747, 748, 756, 758, 761, 762, 765, 772, 773, 774, 775, 776, 777, 778, 780, 781, 782, 783, 786, 787, 790, 792, 793, 801, 804, 805, 806, 807, 808, 809, 810, 813, 814, 815, 816, 821, 823, 824, 825, 826, 827, 828, 829, 830, 831, 834, 835, 838, 839, 840, 841, 842, 843, 846, 847, 848, 849, 850, 851, 854, 855, 856, 859, 860], "summary": {"covered_lines": 216, "num_statements": 228, "percent_covered": 90.83969465648855, "percent_covered_display": "91", "missing_lines": 12, "excluded_lines": 2, "percent_statements_covered": 94.73684210526316, "percent_statements_covered_display": "95", "num_branches": 34, "num_partial_branches": 6, "covered_branches": 22, "missing_branches": 12, "percent_branches_covered": 64.70588235294117, "percent_branches_covered_display": "65"}, "missing_lines": [215, 216, 749, 752, 753, 794, 795, 796, 797, 798, 799, 800], "excluded_lines": [817, 818], "start_line": 1, "executed_branches": [[178, 179], [178, 180], [180, 181], [180, 183], [181, 180], [181, 182], [208, 209], [209, 210], [209, 212], [212, 213], [747, 748], [773, 774], [773, 783], [775, 776], [775, 777], [777, 778], [777, 780], [793, 801], [806, 807], [806, 810], [807, 808], [824, 825]], "missing_branches": [[208, 216], [212, 215], [747, 749], [749, 752], [749, 753], [793, 794], [794, 793], [794, 795], [798, 799], [798, 800], [807, 806], [824, 826]]}}}}, "totals": {"covered_lines": 2921, "num_statements": 3839, "percent_covered": 72.43212454907918, "percent_covered_display": "72", "missing_lines": 918, "excluded_lines": 25, "percent_statements_covered": 76.08752279239386, "percent_statements_covered_display": "76", "num_branches": 1428, "num_partial_branches": 176, "covered_branches": 894, "missing_branches": 534, "percent_branches_covered": 62.60504201680672, "percent_branches_covered_display": "63"}}